=== BEGIN MESSAGE ===
Client IP:
  127.0.0.1

Host:
  localhost

Requested URI:
  http://localhost/kanonghaemshahr/information_edit.php

Date:
  2013-04-04 07:26:10

Error:
  Internal error.

Developer Details:
  tNG_update.getLocalRecordset:<br /><strong>Error message:</strong><br />Unknown column 'li_uni' in 'field list'<br /><strong>SQL statement:</strong><br />SELECT fname,lname,email,birth,shenasname,reshte,madrak,homead,workad,homenum,worknum,mobilenum,faxnum,pic,summary,reg_year,marital,gender,li_uni,li_year,fli_reshte_uni,fli_year,fli_thesis,dr_reshte_uni,dr_year,dr_thesis,pedar,melli,nezam,parvane,paye,zipCode,username, username as kt_pk_users FROM users WHERE username ='1000576' (UPD_RS)

tNG Execution Trace:
  tNG_update.executeTransaction
    STARTER.Trigger_Default_Starter
  tNG_update.getRecordset
  tNG_update.getLocalRecordset*
=== END MESSAGE ===
=== BEGIN MESSAGE ===
Client IP:
  127.0.0.1

Host:
  localhost

Requested URI:
  http://localhost/kanonghaemshahr/information_edit.php

Date:
  2013-04-04 10:06:51

Error:
  Internal error.

Developer Details:
  tNG_update.getLocalRecordset:<br /><strong>Error message:</strong><br />Unknown column 'li_uni' in 'field list'<br /><strong>SQL statement:</strong><br />SELECT fname,lname,email,birth,shenasname,reshte,madrak,homead,workad,homenum,worknum,mobilenum,faxnum,pic,summary,reg_year,marital,gender,li_uni,li_year,fli_reshte_uni,fli_year,fli_thesis,dr_reshte_uni,dr_year,dr_thesis,pedar,melli,nezam,parvane,paye,zipCode,username, username as kt_pk_users FROM users WHERE username ='1000043' (UPD_RS)

tNG Execution Trace:
  tNG_update.executeTransaction
    STARTER.Trigger_Default_Starter
  tNG_update.getRecordset
  tNG_update.getLocalRecordset*
=== END MESSAGE ===
=== BEGIN MESSAGE ===
Client IP:
  127.0.0.1

Host:
  localhost

Requested URI:
  http://localhost/kanonghaemshahr/register.php

Date:
  2013-04-04 17:17:44

Error:
  SQL error: Unknown column 'li_uni' in 'field list'.

Developer Details:
  SQL error: INSERT INTO users (username, password, email, fname, lname, birth, shenasname, reshte, grayesh, madrak, homead, workad, homenum, worknum, mobilenum, faxnum, pic, summary, date, reg_year, marital, gender, li_uni, li_year, fli_reshte_uni, fli_year, fli_thesis, dr_reshte_uni, dr_year, dr_thesis, pedar, melli, nezam, parvane, nezarat_paye, tarahi_paye, ejra_paye, nezarat_sal, tarahi_sal, ejra_sal, zipCode, active) values ('2', '2', '2@yahoo.com', '2', '2', 2222, 2, 6, 3, 3, '2', '2', '2', '2', 2, '2', '', null, '1392/01/15', 2222, null, null, null, null, null, null, null, null, null, null, '2', '222-222222-2', '22-222-22222', '22-222-22222', '1', '1', '1', '1', '1', '1', '22222-22222', 0). (SQL_ERROR)

tNG Execution Trace:
  tNG_insert.executeTransaction
    STARTER.Trigger_Default_Starter
    tNG_insert.doTransaction
      BEFORE.Trigger_Default_FormValidation
      tNG_insert.prepareSQL
      tNG_insert.executeTransaction - execute sql*
      ERROR.Trigger_Default_Insert_RollBack
  tNG_insert.getRecordset
  tNG_insert.getFakeRsArr
  tNG_insert.getLocalRecordset
  tNG_insert.getFakeRecordset
  tNG_insert.getFakeRecordset
=== END MESSAGE ===
=== BEGIN MESSAGE ===
Client IP:
  127.0.0.1

Host:
  localhost

Requested URI:
  http://localhost/kanonghaemshahr/register.php

Date:
  2013-04-04 17:18:51

Error:
  SQL error: Unknown column 'li_uni' in 'field list'.

Developer Details:
  SQL error: INSERT INTO users (username, password, email, fname, lname, birth, shenasname, reshte, grayesh, madrak, homead, workad, homenum, worknum, mobilenum, faxnum, pic, summary, date, reg_year, marital, gender, li_uni, li_year, fli_reshte_uni, fli_year, fli_thesis, dr_reshte_uni, dr_year, dr_thesis, pedar, melli, nezam, parvane, nezarat_paye, tarahi_paye, ejra_paye, nezarat_sal, tarahi_sal, ejra_sal, zipCode, active) values ('3', '3', '3@yahoo.com', '3', '3', 3333, 3, 6, 3, 3, '3', '3', '3', '3', 3, '3', '', null, '1392/01/15', 3333, null, null, null, null, null, null, null, null, null, null, '3', '333-333333-3', '33-333-33333', '33-333-33333', '1', '1', '1', '1', '1', '1', '33333-33333', 0). (SQL_ERROR)

tNG Execution Trace:
  tNG_insert.executeTransaction
    STARTER.Trigger_Default_Starter
    tNG_insert.doTransaction
      BEFORE.Trigger_Default_FormValidation
      tNG_insert.prepareSQL
      tNG_insert.executeTransaction - execute sql*
      ERROR.Trigger_Default_Insert_RollBack
  tNG_insert.getRecordset
  tNG_insert.getFakeRsArr
  tNG_insert.getLocalRecordset
  tNG_insert.getFakeRecordset
  tNG_insert.getFakeRecordset
=== END MESSAGE ===
=== BEGIN MESSAGE ===
Client IP:
  127.0.0.1

Host:
  localhost

Requested URI:
  http://localhost/kanonghaemshahr/register.php

Date:
  2013-04-04 17:42:46

Error:
  SQL error: Unknown column 'li_uni' in 'field list'.

Developer Details:
  SQL error: INSERT INTO users (username, password, email, fname, lname, birth, shenasname, reshte, madrak, homead, workad, homenum, worknum, mobilenum, faxnum, pic, summary, date, reg_year, marital, gender, li_uni, li_year, fli_reshte_uni, fli_year, fli_thesis, dr_reshte_uni, dr_year, dr_thesis, pedar, melli, nezam, parvane, paye, zipCode, active) values ('1', '1', '1', '1', '1', 1111, 1, 6, 3, '1', '1', '1', '1', 1, '1', '', null, '1392/01/15', 1111, null, null, '1', '1111/11/11', '1', '1111/11/11', '1', '1', '1111/11/11', '1', '1', '111-111111-1', '1', '1', '1', '11111-11111', 0). (SQL_ERROR)

tNG Execution Trace:
  tNG_insert.executeTransaction
    STARTER.Trigger_Default_Starter
    tNG_insert.doTransaction
      BEFORE.Trigger_Default_FormValidation
      tNG_insert.prepareSQL
      tNG_insert.executeTransaction - execute sql*
      ERROR.Trigger_Default_Insert_RollBack
  tNG_insert.getRecordset
  tNG_insert.getFakeRsArr
  tNG_insert.getLocalRecordset
  tNG_insert.getFakeRecordset
  tNG_insert.getFakeRecordset
=== END MESSAGE ===
=== BEGIN MESSAGE ===
Client IP:
  127.0.0.1

Host:
  localhost

Requested URI:
  http://localhost/kanonghaemshahr/register.php

Date:
  2013-04-04 17:45:22

Error:
  SQL error: Duplicate entry '1' for key 2.

Developer Details:
  SQL error: INSERT INTO khabarname (email) values ('1'). (SQL_ERROR)

tNG Execution Trace:
  tNG_insert.executeTransaction
    STARTER.Trigger_Default_Starter
    tNG_insert.doTransaction
      BEFORE.Trigger_Default_FormValidation*
      ERROR.Trigger_Default_Insert_RollBack
  tNG_insert.getRecordset
  tNG_insert.getFakeRsArr
  tNG_insert.getLocalRecordset
  tNG_insert.getFakeRecordset
  tNG_insert.getFakeRecordset
  tNG_insert.executeTransaction
    STARTER.Trigger_Default_Starter
    tNG_insert.doTransaction
      BEFORE.Trigger_Default_FormValidation
      tNG_insert.prepareSQL
      tNG_insert.executeTransaction - execute sql*
      ERROR.Trigger_Default_Insert_RollBack
  tNG_insert.getRecordset
  tNG_insert.getFakeRsArr
  tNG_insert.getLocalRecordset
  tNG_insert.getFakeRecordset
  tNG_insert.getFakeRecordset
=== END MESSAGE ===
=== BEGIN MESSAGE ===
Client IP:
  127.0.0.1

Host:
  localhost

Requested URI:
  http://localhost/kanonghaemshahr/register.php

Date:
  2013-04-04 17:46:32

Error:
  SQL error: Duplicate entry '1' for key 2.

Developer Details:
  SQL error: INSERT INTO khabarname (email) values ('1'). (SQL_ERROR)

tNG Execution Trace:
  tNG_insert.executeTransaction
    STARTER.Trigger_Default_Starter
    tNG_insert.doTransaction
      BEFORE.Trigger_Default_FormValidation*
      ERROR.Trigger_Default_Insert_RollBack
  tNG_insert.getRecordset
  tNG_insert.getFakeRsArr
  tNG_insert.getLocalRecordset
  tNG_insert.getFakeRecordset
  tNG_insert.getFakeRecordset
  tNG_insert.executeTransaction
    STARTER.Trigger_Default_Starter
    tNG_insert.doTransaction
      BEFORE.Trigger_Default_FormValidation
      tNG_insert.prepareSQL
      tNG_insert.executeTransaction - execute sql*
      ERROR.Trigger_Default_Insert_RollBack
  tNG_insert.getRecordset
  tNG_insert.getFakeRsArr
  tNG_insert.getLocalRecordset
  tNG_insert.getFakeRecordset
  tNG_insert.getFakeRecordset
=== END MESSAGE ===
=== BEGIN MESSAGE ===
Client IP:
  127.0.0.1

Host:
  localhost

Requested URI:
  http://localhost/kanonghaemshahr/register.php

Date:
  2013-04-04 17:47:07

Error:
  SQL error: Duplicate entry '1' for key 2.

Developer Details:
  SQL error: INSERT INTO khabarname (email) values ('1'). (SQL_ERROR)

tNG Execution Trace:
  tNG_insert.executeTransaction
    STARTER.Trigger_Default_Starter
    tNG_insert.doTransaction
      BEFORE.Trigger_Default_FormValidation*
      ERROR.Trigger_Default_Insert_RollBack
  tNG_insert.getRecordset
  tNG_insert.getFakeRsArr
  tNG_insert.getLocalRecordset
  tNG_insert.getFakeRecordset
  tNG_insert.getFakeRecordset
  tNG_insert.executeTransaction
    STARTER.Trigger_Default_Starter
    tNG_insert.doTransaction
      BEFORE.Trigger_Default_FormValidation
      tNG_insert.prepareSQL
      tNG_insert.executeTransaction - execute sql*
      ERROR.Trigger_Default_Insert_RollBack
  tNG_insert.getRecordset
  tNG_insert.getFakeRsArr
  tNG_insert.getLocalRecordset
  tNG_insert.getFakeRecordset
  tNG_insert.getFakeRecordset
=== END MESSAGE ===
=== BEGIN MESSAGE ===
Client IP:
  127.0.0.1

Host:
  localhost

Requested URI:
  http://localhost/kanonghaemshahr/register.php

Date:
  2013-04-04 17:49:01

Error:
  SQL error: Duplicate entry '1' for key 2.

Developer Details:
  SQL error: INSERT INTO khabarname (email) values ('1'). (SQL_ERROR)

tNG Execution Trace:
  tNG_insert.executeTransaction
    STARTER.Trigger_Default_Starter
    tNG_insert.doTransaction
      BEFORE.Trigger_Default_FormValidation*
      ERROR.Trigger_Default_Insert_RollBack
  tNG_insert.getRecordset
  tNG_insert.getFakeRsArr
  tNG_insert.getLocalRecordset
  tNG_insert.getFakeRecordset
  tNG_insert.getFakeRecordset
  tNG_insert.executeTransaction
    STARTER.Trigger_Default_Starter
    tNG_insert.doTransaction
      BEFORE.Trigger_Default_FormValidation
      tNG_insert.prepareSQL
      tNG_insert.executeTransaction - execute sql*
      ERROR.Trigger_Default_Insert_RollBack
  tNG_insert.getRecordset
  tNG_insert.getFakeRsArr
  tNG_insert.getLocalRecordset
  tNG_insert.getFakeRecordset
  tNG_insert.getFakeRecordset
=== END MESSAGE ===
=== BEGIN MESSAGE ===
Client IP:
  127.0.0.1

Host:
  localhost

Requested URI:
  http://localhost/kanonghaemshahr/register.php

Date:
  2013-04-04 17:49:37

Error:
  SQL error: Duplicate entry '1' for key 2.

Developer Details:
  SQL error: INSERT INTO khabarname (email) values ('1'). (SQL_ERROR)

tNG Execution Trace:
  tNG_insert.executeTransaction
    STARTER.Trigger_Default_Starter
    tNG_insert.doTransaction
      BEFORE.Trigger_Default_FormValidation*
      ERROR.Trigger_Default_Insert_RollBack
  tNG_insert.getRecordset
  tNG_insert.getFakeRsArr
  tNG_insert.getLocalRecordset
  tNG_insert.getFakeRecordset
  tNG_insert.getFakeRecordset
  tNG_insert.executeTransaction
    STARTER.Trigger_Default_Starter
    tNG_insert.doTransaction
      BEFORE.Trigger_Default_FormValidation
      tNG_insert.prepareSQL
      tNG_insert.executeTransaction - execute sql*
      ERROR.Trigger_Default_Insert_RollBack
  tNG_insert.getRecordset
  tNG_insert.getFakeRsArr
  tNG_insert.getLocalRecordset
  tNG_insert.getFakeRecordset
  tNG_insert.getFakeRecordset
=== END MESSAGE ===
=== BEGIN MESSAGE ===
Client IP:
  127.0.0.1

Host:
  localhost

Requested URI:
  http://localhost/kanonghaemshahr/register.php

Date:
  2013-04-04 17:51:12

Error:
  SQL error: Unknown column 'li_uni' in 'field list'.

Developer Details:
  SQL error: INSERT INTO users (username, password, email, fname, lname, birth, shenasname, reshte, madrak, homead, workad, homenum, worknum, mobilenum, faxnum, pic, summary, date, reg_year, marital, gender, li_uni, li_year, fli_reshte_uni, fli_year, fli_thesis, dr_reshte_uni, dr_year, dr_thesis, pedar, melli, nezam, parvane, paye, zipCode, active) values ('12', '12', '12', '12', '12', 1212, 12121, 6, 3, '12', '21', '12', '21', 21, '21', '', '21', '1392/01/15', 2112, null, null, '12', '1211/21/21', '11', '2121/12/12', '12', '1', '2111/11/11', '12', '11212', '121-121212-1', '12', '12', '12', '12222-22222', 0). (SQL_ERROR)

tNG Execution Trace:
  tNG_insert.executeTransaction
    STARTER.Trigger_Default_Starter
    tNG_insert.doTransaction
      BEFORE.Trigger_Default_FormValidation
      tNG_insert.prepareSQL
      tNG_insert.executeTransaction - execute sql*
      ERROR.Trigger_Default_Insert_RollBack
  tNG_insert.getRecordset
  tNG_insert.getFakeRsArr
  tNG_insert.getLocalRecordset
  tNG_insert.getFakeRecordset
  tNG_insert.getFakeRecordset
=== END MESSAGE ===
=== BEGIN MESSAGE ===
Client IP:
  127.0.0.1

Host:
  localhost

Requested URI:
  http://localhost/kanonghaemshahr/register.php

Date:
  2013-04-04 17:53:34

Error:
  SQL error: Unknown column 'li_uni' in 'field list'.

Developer Details:
  SQL error: INSERT INTO users (username, password, email, fname, lname, birth, shenasname, reshte, madrak, homead, workad, homenum, worknum, mobilenum, faxnum, pic, summary, date, reg_year, marital, gender, li_uni, li_year, fli_reshte_uni, fli_year, fli_thesis, dr_reshte_uni, dr_year, dr_thesis, pedar, melli, nezam, parvane, paye, zipCode, active) values ('2', '2', '2@yahoo.com', '2', '2', 2222, 2, 6, 3, '2', '2', '2', '2', 2, '2', '', '2', '1392/01/15', 2222, null, null, '2', '2222/22/22', '2', '2222/22/22', '2222', '2', '2222/22/22', '2', '2', '222-222222-2', '2', '2', '2', '22222-22222', 0). (SQL_ERROR)

tNG Execution Trace:
  tNG_insert.executeTransaction
    STARTER.Trigger_Default_Starter
    tNG_insert.doTransaction
      BEFORE.Trigger_Default_FormValidation
      tNG_insert.prepareSQL
      tNG_insert.executeTransaction - execute sql*
      ERROR.Trigger_Default_Insert_RollBack
  tNG_insert.getRecordset
  tNG_insert.getFakeRsArr
  tNG_insert.getLocalRecordset
  tNG_insert.getFakeRecordset
  tNG_insert.getFakeRecordset
=== END MESSAGE ===
=== BEGIN MESSAGE ===
Client IP:
  127.0.0.1

Host:
  localhost

Requested URI:
  http://localhost/kanonghaemshahr/register.php

Date:
  2013-04-04 17:53:34

Error:
  SQL error: Duplicate entry '2@yahoo.com' for key 2.

Developer Details:
  SQL error: INSERT INTO khabarname (email) values ('2@yahoo.com'). (SQL_ERROR)

tNG Execution Trace:
  tNG_insert.executeTransaction
    STARTER.Trigger_Default_Starter
    tNG_insert.doTransaction
      BEFORE.Trigger_Default_FormValidation
      tNG_insert.prepareSQL
      tNG_insert.executeTransaction - execute sql*
      ERROR.Trigger_Default_Insert_RollBack
  tNG_insert.getRecordset
  tNG_insert.getFakeRsArr
  tNG_insert.getLocalRecordset
  tNG_insert.getFakeRecordset
  tNG_insert.getFakeRecordset
  tNG_insert.executeTransaction
    STARTER.Trigger_Default_Starter
    tNG_insert.doTransaction
      BEFORE.Trigger_Default_FormValidation
      tNG_insert.prepareSQL
      tNG_insert.executeTransaction - execute sql*
      ERROR.Trigger_Default_Insert_RollBack
  tNG_insert.getRecordset
  tNG_insert.getFakeRsArr
  tNG_insert.getLocalRecordset
  tNG_insert.getFakeRecordset
  tNG_insert.getFakeRecordset
=== END MESSAGE ===
=== BEGIN MESSAGE ===
Client IP:
  127.0.0.1

Host:
  localhost

Requested URI:
  http://localhost/kanonghaemshahr/register.php

Date:
  2013-04-04 17:54:49

Error:
  SQL error: Unknown column 'paye' in 'field list'.

Developer Details:
  SQL error: INSERT INTO users (username, password, email, fname, lname, birth, shenasname, reshte, madrak, homead, workad, homenum, worknum, mobilenum, faxnum, pic, summary, date, reg_year, marital, gender, pedar, melli, nezam, parvane, paye, zipCode, active) values ('2', '2', '2@yahoo.com', '2', '2', 2222, 2, 6, 3, '2', '2', '2', '2', 2, '2', '', '2', '1392/01/15', 2222, null, null, '2', '222-222222-2', '2', '2', '2', '22222-22222', 0). (SQL_ERROR)

tNG Execution Trace:
  tNG_insert.executeTransaction
    STARTER.Trigger_Default_Starter
    tNG_insert.doTransaction
      BEFORE.Trigger_Default_FormValidation
      tNG_insert.prepareSQL
      tNG_insert.executeTransaction - execute sql*
      ERROR.Trigger_Default_Insert_RollBack
  tNG_insert.getRecordset
  tNG_insert.getFakeRsArr
  tNG_insert.getLocalRecordset
  tNG_insert.getFakeRecordset
  tNG_insert.getFakeRecordset
=== END MESSAGE ===
=== BEGIN MESSAGE ===
Client IP:
  127.0.0.1

Host:
  localhost

Requested URI:
  http://localhost/kanonghaemshahr/register.php

Date:
  2013-04-04 17:54:50

Error:
  SQL error: Duplicate entry '2@yahoo.com' for key 2.

Developer Details:
  SQL error: INSERT INTO khabarname (email) values ('2@yahoo.com'). (SQL_ERROR)

tNG Execution Trace:
  tNG_insert.executeTransaction
    STARTER.Trigger_Default_Starter
    tNG_insert.doTransaction
      BEFORE.Trigger_Default_FormValidation
      tNG_insert.prepareSQL
      tNG_insert.executeTransaction - execute sql*
      ERROR.Trigger_Default_Insert_RollBack
  tNG_insert.getRecordset
  tNG_insert.getFakeRsArr
  tNG_insert.getLocalRecordset
  tNG_insert.getFakeRecordset
  tNG_insert.getFakeRecordset
  tNG_insert.executeTransaction
    STARTER.Trigger_Default_Starter
    tNG_insert.doTransaction
      BEFORE.Trigger_Default_FormValidation
      tNG_insert.prepareSQL
      tNG_insert.executeTransaction - execute sql*
      ERROR.Trigger_Default_Insert_RollBack
  tNG_insert.getRecordset
  tNG_insert.getFakeRsArr
  tNG_insert.getLocalRecordset
  tNG_insert.getFakeRecordset
  tNG_insert.getFakeRecordset
=== END MESSAGE ===
=== BEGIN MESSAGE ===
Client IP:
  127.0.0.1

Host:
  localhost

Requested URI:
  http://localhost/kanonghaemshahr/register.php

Date:
  2013-04-04 17:55:26

Error:
  File upload error: File extension not allowed for upload.

Developer Details:
  File upload error: File extension "exe" is not allowed for upload. (FILE_UPLOAD_ERROR)

tNG Execution Trace:
  tNG_insert.executeTransaction
    STARTER.Trigger_Default_Starter
    tNG_insert.doTransaction
      BEFORE.Trigger_Default_FormValidation
      tNG_insert.prepareSQL
      tNG_insert.executeTransaction - execute sql
      tNG_insert.postExecuteSql
      AFTER.Trigger_ImageUpload*
      ERROR.Trigger_Default_Insert_RollBack
  tNG_insert.getRecordset
  tNG_insert.getFakeRsArr
  tNG_insert.getLocalRecordset
  tNG_insert.getFakeRecordset
  tNG_insert.getFakeRecordset
=== END MESSAGE ===
=== BEGIN MESSAGE ===
Client IP:
  127.0.0.1

Host:
  localhost

Requested URI:
  http://localhost/kanonghaemshahr/register.php

Date:
  2013-04-04 17:55:27

Error:
  SQL error: Duplicate entry '2@yahoo.com' for key 2.

Developer Details:
  SQL error: INSERT INTO khabarname (email) values ('2@yahoo.com'). (SQL_ERROR)

tNG Execution Trace:
  tNG_insert.executeTransaction
    STARTER.Trigger_Default_Starter
    tNG_insert.doTransaction
      BEFORE.Trigger_Default_FormValidation
      tNG_insert.prepareSQL
      tNG_insert.executeTransaction - execute sql
      tNG_insert.postExecuteSql
      AFTER.Trigger_ImageUpload*
      ERROR.Trigger_Default_Insert_RollBack
  tNG_insert.getRecordset
  tNG_insert.getFakeRsArr
  tNG_insert.getLocalRecordset
  tNG_insert.getFakeRecordset
  tNG_insert.getFakeRecordset
  tNG_insert.executeTransaction
    STARTER.Trigger_Default_Starter
    tNG_insert.doTransaction
      BEFORE.Trigger_Default_FormValidation
      tNG_insert.prepareSQL
      tNG_insert.executeTransaction - execute sql*
      ERROR.Trigger_Default_Insert_RollBack
  tNG_insert.getRecordset
  tNG_insert.getFakeRsArr
  tNG_insert.getLocalRecordset
  tNG_insert.getFakeRecordset
  tNG_insert.getFakeRecordset
=== END MESSAGE ===
=== BEGIN MESSAGE ===
Client IP:
  37.63.142.128

Host:
  46.225.127.208

Requested URI:
  http://46.225.127.208/kanonghaemshahr/admin/user_add.php

Date:
  2013-04-06 14:01:49

Error:
  SQL error: Duplicate entry 'تست' for key 'user'.

Developer Details:
  SQL error: INSERT INTO `admin` (name, user, pass) values ('تست', 'تست', 'تست'). (SQL_ERROR)

tNG Execution Trace:
  tNG_insert.executeTransaction
    STARTER.Trigger_Default_Starter
    tNG_insert.doTransaction
      BEFORE.Trigger_Default_FormValidation
      tNG_insert.prepareSQL
      tNG_insert.executeTransaction - execute sql*
      ERROR.Trigger_Default_Insert_RollBack
  tNG_insert.getRecordset
  tNG_insert.getFakeRsArr
  tNG_insert.getLocalRecordset
  tNG_insert.getFakeRecordset
  tNG_insert.getFakeRecordset
=== END MESSAGE ===
=== BEGIN MESSAGE ===
Client IP:
  127.0.0.1

Host:
  localhost

Requested URI:
  http://localhost/kanonghaemshahr/information_edit.php

Date:
  2013-04-07 11:35:54

Error:
  Internal error.

Developer Details:
  tNG_update.getLocalRecordset:<br /><strong>Error message:</strong><br />Unknown column 'li_uni' in 'field list'<br /><strong>SQL statement:</strong><br />SELECT fname,lname,email,birth,shenasname,reshte,madrak,homead,workad,homenum,worknum,mobilenum,faxnum,pic,summary,reg_year,marital,gender,li_uni,li_year,fli_reshte_uni,fli_year,fli_thesis,dr_reshte_uni,dr_year,dr_thesis,pedar,melli,nezam,parvane,paye,zipCode,username, username as kt_pk_users FROM users WHERE username ='0801908' (UPD_RS)

tNG Execution Trace:
  tNG_update.executeTransaction
    STARTER.Trigger_Default_Starter
  tNG_update.getRecordset
  tNG_update.getLocalRecordset*
=== END MESSAGE ===
=== BEGIN MESSAGE ===
Client IP:
  127.0.0.1

Host:
  localhost

Requested URI:
  http://localhost/kanonghaemshahr/information_edit.php

Date:
  2013-04-07 11:36:28

Error:
  Internal error.

Developer Details:
  tNG_update.getLocalRecordset:<br /><strong>Error message:</strong><br />Unknown column 'li_uni' in 'field list'<br /><strong>SQL statement:</strong><br />SELECT fname,lname,email,birth,shenasname,reshte,madrak,homead,workad,homenum,worknum,mobilenum,faxnum,pic,summary,reg_year,marital,gender,li_uni,li_year,fli_reshte_uni,fli_year,fli_thesis,dr_reshte_uni,dr_year,dr_thesis,pedar,melli,nezam,parvane,paye,zipCode,username, username as kt_pk_users FROM users WHERE username ='0801908' (UPD_RS)

tNG Execution Trace:
  tNG_update.executeTransaction
    STARTER.Trigger_Default_Starter
  tNG_update.getRecordset
  tNG_update.getLocalRecordset*
=== END MESSAGE ===
=== BEGIN MESSAGE ===
Client IP:
  127.0.0.1

Host:
  localhost

Requested URI:
  http://localhost/kanonghaemshahr/information_edit.php

Date:
  2013-04-07 11:36:29

Error:
  Internal error.

Developer Details:
  tNG_update.getLocalRecordset:<br /><strong>Error message:</strong><br />Unknown column 'li_uni' in 'field list'<br /><strong>SQL statement:</strong><br />SELECT fname,lname,email,birth,shenasname,reshte,madrak,homead,workad,homenum,worknum,mobilenum,faxnum,pic,summary,reg_year,marital,gender,li_uni,li_year,fli_reshte_uni,fli_year,fli_thesis,dr_reshte_uni,dr_year,dr_thesis,pedar,melli,nezam,parvane,paye,zipCode,username, username as kt_pk_users FROM users WHERE username ='0801908' (UPD_RS)

tNG Execution Trace:
  tNG_update.executeTransaction
    STARTER.Trigger_Default_Starter
  tNG_update.getRecordset
  tNG_update.getLocalRecordset*
=== END MESSAGE ===
=== BEGIN MESSAGE ===
Client IP:
  37.63.145.124

Host:
  46.225.127.208

Requested URI:
  http://46.225.127.208/kanonghaemshahr/register.php

Date:
  2013-04-08 00:39:22

Error:
  SQL error: Column 'grayesh' cannot be null.

Developer Details:
  SQL error: INSERT INTO users (username, password, email, fname, lname, birth, shenasname, reshte, grayesh, madrak, homead, workad, homenum, worknum, mobilenum, faxnum, pic, summary, date, reg_year, marital, gender, pedar, melli, nezam, parvane, nezarat_paye, tarahi_paye, ejra_paye, nezarat_sal, tarahi_sal, ejra_sal, zipCode, active) values ('ramin123', '123456', 'hooman_mohandes@yahoo.com', 'asadr', 'sadt', 1365, 4178, 1, null, 1, 'sddfaagg', 'ghaemshar', '01232226813', '01232226813', 2147483647, '01232226813', '', null, '1392/01/19', 92, 1, 1, 'asad', '214-578912-3', '12-781-23456', null, null, null, null, null, null, null, '47895-61237', 0). (SQL_ERROR)

tNG Execution Trace:
  tNG_insert.executeTransaction
    STARTER.Trigger_Default_Starter
    tNG_insert.doTransaction
      BEFORE.Trigger_Default_FormValidation
      tNG_insert.prepareSQL
      tNG_insert.executeTransaction - execute sql*
      ERROR.Trigger_Default_Insert_RollBack
  tNG_insert.getRecordset
  tNG_insert.getFakeRsArr
  tNG_insert.getLocalRecordset
  tNG_insert.getFakeRecordset
  tNG_insert.getFakeRecordset
=== END MESSAGE ===
=== BEGIN MESSAGE ===
Client IP:
  79.175.131.16

Host:
  46.225.127.208

Requested URI:
  http://46.225.127.208/kanonghaemshahr/register.php

Date:
  2013-04-09 13:27:51

Error:
  SQL error: Column 'grayesh' cannot be null.

Developer Details:
  SQL error: INSERT INTO users (username, password, email, fname, lname, birth, shenasname, reshte, grayesh, madrak, homead, workad, homenum, worknum, mobilenum, faxnum, pic, summary, date, reg_year, marital, gender, pedar, melli, nezam, parvane, nezarat_paye, tarahi_paye, ejra_paye, nezarat_sal, tarahi_sal, ejra_sal, zipCode, active) values ('وحید رمضانی', 'geransred', 'ramezani.vahid@yahoo.com', 'وحید', 'رمضانی', 1361, 2147483647, 4, null, 1, 'کوچکسرا- خ کهنسال - منزل شخصی باب الله رمضانی', 'قائمشهر- مجتمع میلاد نور-طبقه 3 واحد 8', '2246325', '2261921', 2147483647, '2215224', '', null, '1392/01/20', 2222222, 1, 1, 'باب الله', '215-012493-9', '22-222-22222', null, '0', '0', '0', '2', '2', '1', '47667-48586', 0). (SQL_ERROR)

tNG Execution Trace:
  tNG_insert.executeTransaction
    STARTER.Trigger_Default_Starter
    tNG_insert.doTransaction
      BEFORE.Trigger_Default_FormValidation
      tNG_insert.prepareSQL
      tNG_insert.executeTransaction - execute sql*
      ERROR.Trigger_Default_Insert_RollBack
  tNG_insert.getRecordset
  tNG_insert.getFakeRsArr
  tNG_insert.getLocalRecordset
  tNG_insert.getFakeRecordset
  tNG_insert.getFakeRecordset
=== END MESSAGE ===
=== BEGIN MESSAGE ===
Client IP:
  79.175.131.16

Host:
  46.225.127.208

Requested URI:
  http://46.225.127.208/kanonghaemshahr/khabar_send.php

Date:
  2013-04-09 13:35:35

Error:
  SQL error: Duplicate entry 'ramezani.vahid@yahoo.com' for key 'email'.

Developer Details:
  SQL error: INSERT INTO khabarname (email) values ('ramezani.vahid@yahoo.com'). (SQL_ERROR)

tNG Execution Trace:
  tNG_insert.executeTransaction
    STARTER.Trigger_Default_Starter
    tNG_insert.doTransaction
      BEFORE.Trigger_Default_FormValidation
      tNG_insert.prepareSQL
      tNG_insert.executeTransaction - execute sql*
      ERROR.Trigger_Default_Insert_RollBack
  tNG_insert.getRecordset
  tNG_insert.getFakeRsArr
  tNG_insert.getLocalRecordset
  tNG_insert.getFakeRecordset
  tNG_insert.getFakeRecordset
=== END MESSAGE ===
=== BEGIN MESSAGE ===
Client IP:
  151.247.20.202

Host:
  46.225.127.208

Requested URI:
  http://46.225.127.208/kanonghaemshahr/register.php

Date:
  2013-04-09 21:22:42

Error:
  SQL error: Column 'grayesh' cannot be null.

Developer Details:
  SQL error: INSERT INTO users (username, password, email, fname, lname, birth, shenasname, reshte, grayesh, madrak, homead, workad, homenum, worknum, mobilenum, faxnum, pic, summary, date, reg_year, marital, gender, pedar, melli, nezam, parvane, nezarat_paye, tarahi_paye, ejra_paye, nezarat_sal, tarahi_sal, ejra_sal, zipCode, active) values ('hana68', '1264303', 'h_geraili17@yahoo.com', 'حنانه ', 'گرائیلی', 1368, 2147483647, 4, null, 2, 'قائمشهر,خیابان دکتر بهشتی ( کفشگرکلا),عدالت2,بن بست سوم', 'خیابان کفشگرکلا,خدمات امورمشترکین', '01232222311', '0123223777', 2147483647, '01232223777', '', null, '1392/01/20', 1392, 1, 2, 'احمد', '215-002211-7', null, null, '0', '0', '0', '0', '0', '0', '47658-89791', 0). (SQL_ERROR)

tNG Execution Trace:
  tNG_insert.executeTransaction
    STARTER.Trigger_Default_Starter
    tNG_insert.doTransaction
      BEFORE.Trigger_Default_FormValidation
      tNG_insert.prepareSQL
      tNG_insert.executeTransaction - execute sql*
      ERROR.Trigger_Default_Insert_RollBack
  tNG_insert.getRecordset
  tNG_insert.getFakeRsArr
  tNG_insert.getLocalRecordset
  tNG_insert.getFakeRecordset
  tNG_insert.getFakeRecordset
=== END MESSAGE ===
=== BEGIN MESSAGE ===
Client IP:
  151.247.21.167

Host:
  46.225.127.208

Requested URI:
  http://46.225.127.208/kanonghaemshahr/admin/news_add.php

Date:
  2013-04-10 09:48:24

Error:
  File upload error: File size must be less than 1500 kB.

Developer Details:
  File upload error: File size must be less than 1500 kB. (FILE_UPLOAD_ERROR)

tNG Execution Trace:
  tNG_insert.executeTransaction
    STARTER.Trigger_Default_Starter
    tNG_insert.doTransaction
      BEFORE.Trigger_Default_FormValidation
      tNG_insert.prepareSQL
      tNG_insert.executeTransaction - execute sql
      tNG_insert.postExecuteSql
      AFTER.Trigger_ImageUpload1*
      ERROR.Trigger_Default_Insert_RollBack
  tNG_insert.getRecordset
  tNG_insert.getFakeRsArr
  tNG_insert.getLocalRecordset
  tNG_insert.getFakeRecordset
  tNG_insert.getFakeRecordset
=== END MESSAGE ===
=== BEGIN MESSAGE ===
Client IP:
  151.247.21.167

Host:
  46.225.127.208

Requested URI:
  http://46.225.127.208/kanonghaemshahr/admin/hedimage_add.php

Date:
  2013-04-10 06:04:30

Error:
  SQL error: Column 'tozihat' cannot be null.

Developer Details:
  SQL error: INSERT INTO headimage (image, image2, title, tozihat, link, active) values ('', '', 'کانون مهندسین قائمشهر', null, null, '1'). (SQL_ERROR)

tNG Execution Trace:
  tNG_insert.executeTransaction
    STARTER.Trigger_Default_Starter
    tNG_insert.doTransaction
      BEFORE.Trigger_Default_FormValidation
      tNG_insert.prepareSQL
      tNG_insert.executeTransaction - execute sql*
      ERROR.Trigger_Default_Insert_RollBack
  tNG_insert.getRecordset
  tNG_insert.getFakeRsArr
  tNG_insert.getLocalRecordset
  tNG_insert.getFakeRecordset
  tNG_insert.getFakeRecordset
=== END MESSAGE ===
=== BEGIN MESSAGE ===
Client IP:
  151.247.21.167

Host:
  46.225.127.208

Requested URI:
  http://46.225.127.208/kanonghaemshahr/admin/hedimage_add.php

Date:
  2013-04-10 06:08:27

Error:
  File upload error: File size must be less than 1500 kB.

Developer Details:
  File upload error: File size must be less than 1500 kB. (FILE_UPLOAD_ERROR)

tNG Execution Trace:
  tNG_insert.executeTransaction
    STARTER.Trigger_Default_Starter
    tNG_insert.doTransaction
      BEFORE.Trigger_Default_FormValidation
      tNG_insert.prepareSQL
      tNG_insert.executeTransaction - execute sql
      tNG_insert.postExecuteSql
      AFTER.Trigger_ImageUpload1
      AFTER.Trigger_ImageUpload*
      ERROR.Trigger_Default_RollBack
      ERROR.Trigger_Default_Insert_RollBack
  tNG_insert.getRecordset
  tNG_insert.getFakeRsArr
  tNG_insert.getLocalRecordset
  tNG_insert.getFakeRecordset
  tNG_insert.getFakeRecordset
=== END MESSAGE ===
=== BEGIN MESSAGE ===
Client IP:
  151.247.21.167

Host:
  46.225.127.208

Requested URI:
  http://46.225.127.208/kanonghaemshahr/admin/news_edit.php?id=28

Date:
  2013-04-10 06:11:17

Error:
  File upload error: File size must be less than 1500 kB.

Developer Details:
  File upload error: File size must be less than 1500 kB. (FILE_UPLOAD_ERROR)

tNG Execution Trace:
  tNG_update.executeTransaction
    STARTER.Trigger_Default_Starter
    tNG_update.doTransaction
      BEFORE.Trigger_Default_saveData
        tNG_update.saveData
      BEFORE.Trigger_Default_FormValidation
      tNG_update.prepareSQL
      tNG_update.executeTransaction - execute sql
      AFTER.Trigger_ImageUpload*
  tNG_update.getRecordset
  tNG_update.getFakeRsArr
  tNG_update.getLocalRecordset
  tNG_update.getFakeRecordset
=== END MESSAGE ===
=== BEGIN MESSAGE ===
Client IP:
  151.247.21.167

Host:
  46.225.127.208

Requested URI:
  http://46.225.127.208/kanonghaemshahr/admin/news_edit.php?id=28

Date:
  2013-04-10 06:12:50

Error:
  File upload error: File size must be less than 1500 kB.

Developer Details:
  File upload error: File size must be less than 1500 kB. (FILE_UPLOAD_ERROR)

tNG Execution Trace:
  tNG_update.executeTransaction
    STARTER.Trigger_Default_Starter
    tNG_update.doTransaction
      BEFORE.Trigger_Default_saveData
        tNG_update.saveData
      BEFORE.Trigger_Default_FormValidation
      tNG_update.prepareSQL
      tNG_update.executeTransaction - execute sql
      AFTER.Trigger_ImageUpload*
  tNG_update.getRecordset
  tNG_update.getFakeRsArr
  tNG_update.getLocalRecordset
  tNG_update.getFakeRecordset
=== END MESSAGE ===
=== BEGIN MESSAGE ===
Client IP:
  95.82.74.130

Host:
  46.225.127.208

Requested URI:
  http://46.225.127.208/kanonghaemshahr/daryaftiha.php

Date:
  2013-04-10 11:07:01

Error:
  SQL error: Duplicate entry 'ahmad_s2871@yahoo.com' for key 'email'.

Developer Details:
  SQL error: INSERT INTO khabarname (email) values ('ahmad_s2871@yahoo.com'). (SQL_ERROR)

tNG Execution Trace:
  tNG_insert.executeTransaction
    STARTER.Trigger_Default_Starter
    tNG_insert.doTransaction
      BEFORE.Trigger_Default_FormValidation
      tNG_insert.prepareSQL
      tNG_insert.executeTransaction - execute sql*
      ERROR.Trigger_Default_Insert_RollBack
  tNG_insert.getRecordset
  tNG_insert.getFakeRsArr
  tNG_insert.getLocalRecordset
  tNG_insert.getFakeRecordset
  tNG_insert.getFakeRecordset
=== END MESSAGE ===
=== BEGIN MESSAGE ===
Client IP:
  127.0.0.1

Host:
  localhost

Requested URI:
  http://localhost/kanonghaemshahr/register.php

Date:
  2013-04-11 11:32:49

Error:
  SQL error: Column 'username' cannot be null.

Developer Details:
  SQL error: INSERT INTO users (username, password, email, fname, lname, birth, shenasname, reshte, grayesh, madrak, homead, workad, homenum, worknum, mobilenum, faxnum, pic, summary, date, reg_year, marital, gender, pedar, melli, nezam, parvane, nezarat_paye, tarahi_paye, ejra_paye, nezarat_sal, tarahi_sal, ejra_sal, zipCode, active) values (null, '123456', 'ahmad.rezaeian@yahoo.com', 'fddfsdf', 'dgdfg', 6666, 64, 3, 1, 1, 'vgbnvn', 'fghgf', '46', '56', 56, '564', '', null, '1392/01/22', 456, 2, 1, 'fhfg', '434-366466-6', null, null, null, null, null, null, null, null, '43436-54664', 0). (SQL_ERROR)

tNG Execution Trace:
  tNG_insert.executeTransaction
    STARTER.Trigger_Default_Starter
    tNG_insert.doTransaction
      BEFORE.Trigger_Default_FormValidation
      BEFORE.Trigger_CheckUnique
      tNG_insert.prepareSQL
      tNG_insert.executeTransaction - execute sql*
      ERROR.Trigger_Default_Insert_RollBack
  tNG_insert.getRecordset
  tNG_insert.getFakeRsArr
  tNG_insert.getLocalRecordset
  tNG_insert.getFakeRecordset
  tNG_insert.getFakeRecordset
=== END MESSAGE ===
=== BEGIN MESSAGE ===
Client IP:
  127.0.0.1

Host:
  localhost

Requested URI:
  http://localhost/kanonghaemshahr/register.php

Date:
  2013-04-11 11:32:49

Error:
  SQL error: Duplicate entry 'ahmad.rezaeian@yahoo.com' for key 'email'.

Developer Details:
  SQL error: INSERT INTO khabarname (email) values ('ahmad.rezaeian@yahoo.com'). (SQL_ERROR)

tNG Execution Trace:
  tNG_insert.executeTransaction
    STARTER.Trigger_Default_Starter
    tNG_insert.doTransaction
      BEFORE.Trigger_Default_FormValidation
      BEFORE.Trigger_CheckUnique
      tNG_insert.prepareSQL
      tNG_insert.executeTransaction - execute sql*
      ERROR.Trigger_Default_Insert_RollBack
  tNG_insert.getRecordset
  tNG_insert.getFakeRsArr
  tNG_insert.getLocalRecordset
  tNG_insert.getFakeRecordset
  tNG_insert.getFakeRecordset
  tNG_insert.executeTransaction
    STARTER.Trigger_Default_Starter
    tNG_insert.doTransaction
      BEFORE.Trigger_Default_FormValidation
      tNG_insert.prepareSQL
      tNG_insert.executeTransaction - execute sql*
      ERROR.Trigger_Default_Insert_RollBack
  tNG_insert.getRecordset
  tNG_insert.getFakeRsArr
  tNG_insert.getLocalRecordset
  tNG_insert.getFakeRecordset
  tNG_insert.getFakeRecordset
=== END MESSAGE ===
=== BEGIN MESSAGE ===
Client IP:
  127.0.0.1

Host:
  localhost

Requested URI:
  http://localhost/kanonghaemshahr/register.php

Date:
  2013-04-11 11:33:51

Error:
  SQL error: Column 'grayesh' cannot be null.

Developer Details:
  SQL error: INSERT INTO users (username, password, email, fname, lname, birth, shenasname, reshte, grayesh, madrak, homead, workad, homenum, worknum, mobilenum, faxnum, pic, summary, date, reg_year, marital, gender, pedar, melli, nezam, parvane, nezarat_paye, tarahi_paye, ejra_paye, nezarat_sal, tarahi_sal, ejra_sal, zipCode, active) values (null, '123456', 'ahmad.rezaeian@yahoo.com', 'fddfsdf', 'dgdfg', 6666, 64, 3, null, 1, 'vgbnvn', 'fghgf', '46', '56', 56, '564', '', null, '1392/01/22', 456, 2, 1, 'fhfg', '434-366466-6', null, null, null, null, null, null, null, null, '43436-54664', 0). (SQL_ERROR)

tNG Execution Trace:
  tNG_insert.executeTransaction
    STARTER.Trigger_Default_Starter
    tNG_insert.doTransaction
      BEFORE.Trigger_Default_FormValidation
      BEFORE.Trigger_CheckUnique
      tNG_insert.prepareSQL
      tNG_insert.executeTransaction - execute sql*
      ERROR.Trigger_Default_Insert_RollBack
  tNG_insert.getRecordset
  tNG_insert.getFakeRsArr
  tNG_insert.getLocalRecordset
  tNG_insert.getFakeRecordset
  tNG_insert.getFakeRecordset
=== END MESSAGE ===
=== BEGIN MESSAGE ===
Client IP:
  127.0.0.1

Host:
  localhost

Requested URI:
  http://localhost/kanonghaemshahr/register.php

Date:
  2013-04-11 11:33:52

Error:
  SQL error: Duplicate entry 'ahmad.rezaeian@yahoo.com' for key 'email'.

Developer Details:
  SQL error: INSERT INTO khabarname (email) values ('ahmad.rezaeian@yahoo.com'). (SQL_ERROR)

tNG Execution Trace:
  tNG_insert.executeTransaction
    STARTER.Trigger_Default_Starter
    tNG_insert.doTransaction
      BEFORE.Trigger_Default_FormValidation
      BEFORE.Trigger_CheckUnique
      tNG_insert.prepareSQL
      tNG_insert.executeTransaction - execute sql*
      ERROR.Trigger_Default_Insert_RollBack
  tNG_insert.getRecordset
  tNG_insert.getFakeRsArr
  tNG_insert.getLocalRecordset
  tNG_insert.getFakeRecordset
  tNG_insert.getFakeRecordset
  tNG_insert.executeTransaction
    STARTER.Trigger_Default_Starter
    tNG_insert.doTransaction
      BEFORE.Trigger_Default_FormValidation
      tNG_insert.prepareSQL
      tNG_insert.executeTransaction - execute sql*
      ERROR.Trigger_Default_Insert_RollBack
  tNG_insert.getRecordset
  tNG_insert.getFakeRsArr
  tNG_insert.getLocalRecordset
  tNG_insert.getFakeRecordset
  tNG_insert.getFakeRecordset
=== END MESSAGE ===
=== BEGIN MESSAGE ===
Client IP:
  151.247.23.146

Host:
  46.225.127.208

Requested URI:
  http://46.225.127.208/kanonghaemshahr/contact.php

Date:
  2013-04-11 12:38:04

Error:
  SQL error: Duplicate entry 'h_geraili17@yahoo.com' for key 'email'.

Developer Details:
  SQL error: INSERT INTO khabarname (email) values ('h_geraili17@yahoo.com'). (SQL_ERROR)

tNG Execution Trace:
  tNG_insert.executeTransaction
    STARTER.Trigger_Default_Starter
    tNG_insert.doTransaction
      BEFORE.CheckCaptcha*
      ERROR.Trigger_Default_Insert_RollBack
  tNG_insert.getRecordset
  tNG_insert.getFakeRsArr
  tNG_insert.getLocalRecordset
  tNG_insert.getFakeRecordset
  tNG_insert.getFakeRecordset
  tNG_insert.executeTransaction
    STARTER.Trigger_Default_Starter
    tNG_insert.doTransaction
      BEFORE.Trigger_Default_FormValidation
      tNG_insert.prepareSQL
      tNG_insert.executeTransaction - execute sql*
      ERROR.Trigger_Default_Insert_RollBack
  tNG_insert.getRecordset
  tNG_insert.getFakeRsArr
  tNG_insert.getLocalRecordset
  tNG_insert.getFakeRecordset
  tNG_insert.getFakeRecordset
=== END MESSAGE ===
=== BEGIN MESSAGE ===
Client IP:
  151.247.21.167

Host:
  46.225.127.208

Requested URI:
  http://46.225.127.208/kanonghaemshahr/member_chimg.php

Date:
  2013-04-11 12:55:33

Error:
  File upload error: File size must be less than 1500 kB.

Developer Details:
  File upload error: File size must be less than 1500 kB. (FILE_UPLOAD_ERROR)

tNG Execution Trace:
  tNG_update.executeTransaction
    STARTER.Trigger_Default_Starter
    tNG_update.doTransaction
      BEFORE.Trigger_Default_saveData
        tNG_update.saveData
      BEFORE.Trigger_Default_FormValidation
      tNG_update.prepareSQL
      tNG_update.executeTransaction - execute sql
      AFTER.Trigger_ImageUpload*
  tNG_update.getRecordset
  tNG_update.getFakeRsArr
  tNG_update.getLocalRecordset
  tNG_update.getFakeRecordset
=== END MESSAGE ===
=== BEGIN MESSAGE ===
Client IP:
  79.175.131.161

Host:
  46.225.127.208

Requested URI:
  http://46.225.127.208/kanonghaemshahr/index.php

Date:
  2013-04-11 14:18:14

Error:
  SQL error: Duplicate entry 'khedmati_alashti@yahoo.com' for key 'email'.

Developer Details:
  SQL error: INSERT INTO khabarname (email) values ('khedmati_alashti@yahoo.com'). (SQL_ERROR)

tNG Execution Trace:
  tNG_insert.executeTransaction
    STARTER.Trigger_Default_Starter
    tNG_insert.doTransaction
      BEFORE.Trigger_Default_FormValidation
      tNG_insert.prepareSQL
      tNG_insert.executeTransaction - execute sql*
      ERROR.Trigger_Default_Insert_RollBack
  tNG_insert.getRecordset
  tNG_insert.getFakeRsArr
  tNG_insert.getLocalRecordset
  tNG_insert.getFakeRecordset
  tNG_insert.getFakeRecordset
=== END MESSAGE ===
=== BEGIN MESSAGE ===
Client IP:
  79.175.131.161

Host:
  46.225.127.208

Requested URI:
  http://46.225.127.208/kanonghaemshahr/index.php

Date:
  2013-04-11 14:20:51

Error:
  SQL error: Duplicate entry 'khedmati_alashti@yahoo.com' for key 'email'.

Developer Details:
  SQL error: INSERT INTO khabarname (email) values ('khedmati_alashti@yahoo.com'). (SQL_ERROR)

tNG Execution Trace:
  tNG_insert.executeTransaction
    STARTER.Trigger_Default_Starter
    tNG_insert.doTransaction
      BEFORE.Trigger_Default_FormValidation
      tNG_insert.prepareSQL
      tNG_insert.executeTransaction - execute sql*
      ERROR.Trigger_Default_Insert_RollBack
  tNG_insert.getRecordset
  tNG_insert.getFakeRsArr
  tNG_insert.getLocalRecordset
  tNG_insert.getFakeRecordset
  tNG_insert.getFakeRecordset
=== END MESSAGE ===
=== BEGIN MESSAGE ===
Client IP:
  127.0.0.1

Host:
  localhost

Requested URI:
  http://localhost/kanonghaemshahr/register.php

Date:
  2013-04-22 14:10:00

Error:
  این کدملی قبلا استفاده شده است

Developer Details:
  %s

tNG Execution Trace:
  tNG_insert.executeTransaction
    STARTER.Trigger_Default_Starter
    tNG_insert.doTransaction
      BEFORE.Trigger_Default_FormValidation
      BEFORE.Trigger_CheckUnique*
      ERROR.Trigger_Default_Insert_RollBack
  tNG_insert.getRecordset
  tNG_insert.getFakeRsArr
  tNG_insert.getLocalRecordset
  tNG_insert.getFakeRecordset
  tNG_insert.getFakeRecordset
=== END MESSAGE ===
=== BEGIN MESSAGE ===
Client IP:
  127.0.0.1

Host:
  localhost

Requested URI:
  http://localhost/kanonghaemshahr/register.php

Date:
  2013-04-22 14:11:48

Error:
  این کدملی قبلا استفاده شده است

Developer Details:
  %s

tNG Execution Trace:
  tNG_insert.executeTransaction
    STARTER.Trigger_Default_Starter
    tNG_insert.doTransaction
      BEFORE.Trigger_Default_FormValidation
      BEFORE.Trigger_CheckUnique*
      ERROR.Trigger_Default_Insert_RollBack
  tNG_insert.getRecordset
  tNG_insert.getFakeRsArr
  tNG_insert.getLocalRecordset
  tNG_insert.getFakeRecordset
  tNG_insert.getFakeRecordset
=== END MESSAGE ===
=== BEGIN MESSAGE ===
Client IP:
  127.0.0.1

Host:
  localhost

Requested URI:
  http://localhost/kanonghaemshahr/register.php

Date:
  2013-04-22 14:13:28

Error:
  این کدملی قبلا استفاده شده است

Developer Details:
  %s

tNG Execution Trace:
  tNG_insert.executeTransaction
    STARTER.Trigger_Default_Starter
    tNG_insert.doTransaction
      BEFORE.Trigger_Default_FormValidation
      BEFORE.Trigger_CheckUnique*
      ERROR.Trigger_Default_Insert_RollBack
  tNG_insert.getRecordset
  tNG_insert.getFakeRsArr
  tNG_insert.getLocalRecordset
  tNG_insert.getFakeRecordset
  tNG_insert.getFakeRecordset
=== END MESSAGE ===
=== BEGIN MESSAGE ===
Client IP:
  127.0.0.1

Host:
  localhost

Requested URI:
  http://localhost/kanonghaemshahr/event_reg.php?event=79

Date:
  2013-04-25 11:17:46

Error:
  SQL error: Cannot add or update a child row: a foreign key constraint fails (`kanonghaemshahr`.`eventsreg`, CONSTRAINT `eventsreg_ibfk_1` FOREIGN KEY (`user`) REFERENCES `users` (`melli`) ON DELETE CASCADE ON UPDATE CASCADE).

Developer Details:
  SQL error: INSERT INTO eventsreg (user, name, date, price, event, paid, tedad, des, seq) values ('1000576', null, '1392/02/05', '100', 79, 0, 2, '#', 0). (SQL_ERROR)

tNG Execution Trace:
  tNG_insert.executeTransaction
    STARTER.Trigger_Default_Starter
    tNG_insert.doTransaction
      BEFORE.Trigger_Default_FormValidation
      tNG_insert.prepareSQL
      tNG_insert.executeTransaction - execute sql*
      ERROR.Trigger_Default_Insert_RollBack
  tNG_insert.getRecordset
  tNG_insert.getFakeRsArr
  tNG_insert.getLocalRecordset
  tNG_insert.getFakeRecordset
  tNG_insert.getFakeRecordset
=== END MESSAGE ===
