=== BEGIN MESSAGE ===
Client IP:
  37.63.140.105

Host:
  46.225.127.208

Requested URI:
  http://46.225.127.208/kanonghaemshahr/admin/ads_add.php

Date:
  2013-03-21 19:38:31

Error:
  File upload error: File size must be less than 1500 kB.

Developer Details:
  File upload error: File size must be less than 1500 kB. (FILE_UPLOAD_ERROR)

tNG Execution Trace:
  tNG_insert.executeTransaction
    STARTER.Trigger_Default_Starter
    tNG_insert.doTransaction
      BEFORE.Trigger_Default_FormValidation
      tNG_insert.prepareSQL
      tNG_insert.executeTransaction - execute sql
      tNG_insert.postExecuteSql
      AFTER.Trigger_ImageUpload*
      ERROR.Trigger_Default_Insert_RollBack
  tNG_insert.getRecordset
  tNG_insert.getFakeRsArr
  tNG_insert.getLocalRecordset
  tNG_insert.getFakeRecordset
  tNG_insert.getFakeRecordset
=== END MESSAGE ===
=== BEGIN MESSAGE ===
Client IP:
  127.0.0.1

Host:
  localhost

Requested URI:
  http://localhost/kanonghaemshahr/register.php

Date:
  2013-03-24 12:59:42

Error:
  SQL error: Column 'marital' cannot be null.

Developer Details:
  SQL error: INSERT INTO users (username, password, email, fname, lname, birth, shenasname, reshte, madrak, homead, workad, homenum, worknum, mobilenum, faxnum, pic, summary, date, reg_year, marital, gender, li_uni, li_year, fli_reshte_uni, fli_year, fli_thesis, dr_reshte_uni, dr_year, dr_thesis, pedar, melli, nezam, parvane, paye, zipCode, active) values ('33333', '33333', 'info@nikannetwork.com', 'dsf', 'sdfsdf', 0, 4343, 6, 3, 'gbhgj', 'hg', '56', '657', 56, '65', '', 'tyty', '1392/01/04', 65, null, null, null, null, null, null, null, null, null, null, 'fggf', '435353345', '456456', '5665', '5', '56567567', 0). (SQL_ERROR)

tNG Execution Trace:
  tNG_insert.executeTransaction
    STARTER.Trigger_Default_Starter
    tNG_insert.doTransaction
      BEFORE.Trigger_Default_FormValidation
      tNG_insert.prepareSQL
      tNG_insert.executeTransaction - execute sql*
      ERROR.Trigger_Default_Insert_RollBack
  tNG_insert.getRecordset
  tNG_insert.getFakeRsArr
  tNG_insert.getLocalRecordset
  tNG_insert.getFakeRecordset
  tNG_insert.getFakeRecordset
=== END MESSAGE ===
=== BEGIN MESSAGE ===
Client IP:
  156.100.10.7

Host:
  156.100.10.10

Requested URI:
  http://156.100.10.10/kanonghaemshahr/admin/cheque_edit.php?id=297

Date:
  2013-03-24 09:11:47

Error:
  Internal error.

Developer Details:
  tNG_update.getLocalRecordset:<br /><strong>Error message:</strong><br />Unknown column 'active' in 'field list'<br /><strong>SQL statement:</strong><br />SELECT name,code,acNumber,project_code,area,amount,owner,chequeNO,day,month,year,date_settlement,date,active,id, id as kt_pk_cheque FROM cheque WHERE id =297 (UPD_RS)

tNG Execution Trace:
  tNG_update.executeTransaction
    STARTER.Trigger_Default_Starter
  tNG_update.getRecordset
  tNG_update.getLocalRecordset*
=== END MESSAGE ===
=== BEGIN MESSAGE ===
Client IP:
  127.0.0.1

Host:
  localhost

Requested URI:
  http://localhost/kanonghaemshahr/event_reg.php?type=2&event=77

Date:
  2013-03-25 14:40:42

Error:
  SQL error: Column 'user' cannot be null.

Developer Details:
  SQL error: INSERT INTO eventsreg (user, date, event, paid, tedad, des, seq) values (null, '1392/01/05', 77, 700000, 2, '2093506068#09195368723', 0). (SQL_ERROR)

tNG Execution Trace:
  tNG_insert.executeTransaction
    STARTER.Trigger_Default_Starter
    tNG_insert.doTransaction
      BEFORE.Trigger_Default_FormValidation
      tNG_insert.prepareSQL
      tNG_insert.executeTransaction - execute sql*
      ERROR.Trigger_Default_Insert_RollBack
  tNG_insert.getRecordset
  tNG_insert.getFakeRsArr
  tNG_insert.getLocalRecordset
  tNG_insert.getFakeRecordset
  tNG_insert.getFakeRecordset
=== END MESSAGE ===
=== BEGIN MESSAGE ===
Client IP:
  127.0.0.1

Host:
  localhost

Requested URI:
  http://localhost/kanonghaemshahr/event_reg.php?type=2&event=77

Date:
  2013-03-25 14:40:42

Error:
  SQL error: Column 'email' cannot be null.

Developer Details:
  SQL error: INSERT INTO khabarname (email) values (null). (SQL_ERROR)

tNG Execution Trace:
  tNG_insert.executeTransaction
    STARTER.Trigger_Default_Starter
    tNG_insert.doTransaction
      BEFORE.Trigger_Default_FormValidation
      tNG_insert.prepareSQL
      tNG_insert.executeTransaction - execute sql*
      ERROR.Trigger_Default_Insert_RollBack
  tNG_insert.getRecordset
  tNG_insert.getFakeRsArr
  tNG_insert.getLocalRecordset
  tNG_insert.getFakeRecordset
  tNG_insert.getFakeRecordset
  tNG_insert.executeTransaction
    STARTER.Trigger_Default_Starter
    tNG_insert.doTransaction
      BEFORE.Trigger_Default_FormValidation
      tNG_insert.prepareSQL
      tNG_insert.executeTransaction - execute sql*
      ERROR.Trigger_Default_Insert_RollBack
  tNG_insert.getRecordset
  tNG_insert.getFakeRsArr
  tNG_insert.getLocalRecordset
  tNG_insert.getFakeRecordset
  tNG_insert.getFakeRecordset
=== END MESSAGE ===
=== BEGIN MESSAGE ===
Client IP:
  127.0.0.1

Host:
  localhost

Requested URI:
  http://localhost/kanonghaemshahr/register.php

Date:
  2013-03-26 12:56:28

Error:
  File upload error: Error uploading file. No input of file type was submitted.

Developer Details:
  File upload error: Error uploading file. No input of file type was submitted in the field "pic". (FILE_UPLOAD_ERROR)

tNG Execution Trace:
  tNG_insert.executeTransaction
    STARTER.Trigger_Default_Starter
    tNG_insert.doTransaction
      BEFORE.Trigger_Default_FormValidation
      tNG_insert.prepareSQL
      tNG_insert.executeTransaction - execute sql
      tNG_insert.postExecuteSql
      AFTER.Trigger_ImageUpload*
      ERROR.Trigger_Default_Insert_RollBack
  tNG_insert.getRecordset
  tNG_insert.getFakeRsArr
  tNG_insert.getLocalRecordset
  tNG_insert.getFakeRecordset
  tNG_insert.getFakeRecordset
=== END MESSAGE ===
=== BEGIN MESSAGE ===
Client IP:
  127.0.0.1

Host:
  localhost

Requested URI:
  http://localhost/kanonghaemshahr/register.php

Date:
  2013-03-26 12:56:28

Error:
  SQL error: Duplicate entry 'info@nikannetwork.com' for key 'email'.

Developer Details:
  SQL error: INSERT INTO khabarname (email) values ('info@nikannetwork.com'). (SQL_ERROR)

tNG Execution Trace:
  tNG_insert.executeTransaction
    STARTER.Trigger_Default_Starter
    tNG_insert.doTransaction
      BEFORE.Trigger_Default_FormValidation
      tNG_insert.prepareSQL
      tNG_insert.executeTransaction - execute sql
      tNG_insert.postExecuteSql
      AFTER.Trigger_ImageUpload*
      ERROR.Trigger_Default_Insert_RollBack
  tNG_insert.getRecordset
  tNG_insert.getFakeRsArr
  tNG_insert.getLocalRecordset
  tNG_insert.getFakeRecordset
  tNG_insert.getFakeRecordset
  tNG_insert.executeTransaction
    STARTER.Trigger_Default_Starter
    tNG_insert.doTransaction
      BEFORE.Trigger_Default_FormValidation
      tNG_insert.prepareSQL
      tNG_insert.executeTransaction - execute sql*
      ERROR.Trigger_Default_Insert_RollBack
  tNG_insert.getRecordset
  tNG_insert.getFakeRsArr
  tNG_insert.getLocalRecordset
  tNG_insert.getFakeRecordset
  tNG_insert.getFakeRecordset
=== END MESSAGE ===
=== BEGIN MESSAGE ===
Client IP:
  127.0.0.1

Host:
  localhost

Requested URI:
  http://localhost/kanonghaemshahr/register.php

Date:
  2013-03-26 12:57:47

Error:
  File upload error: Error uploading file. No input of file type was submitted.

Developer Details:
  File upload error: Error uploading file. No input of file type was submitted in the field "pic". (FILE_UPLOAD_ERROR)

tNG Execution Trace:
  tNG_insert.executeTransaction
    STARTER.Trigger_Default_Starter
    tNG_insert.doTransaction
      BEFORE.Trigger_Default_FormValidation
      tNG_insert.prepareSQL
      tNG_insert.executeTransaction - execute sql
      tNG_insert.postExecuteSql
      AFTER.Trigger_ImageUpload*
      ERROR.Trigger_Default_Insert_RollBack
  tNG_insert.getRecordset
  tNG_insert.getFakeRsArr
  tNG_insert.getLocalRecordset
  tNG_insert.getFakeRecordset
  tNG_insert.getFakeRecordset
=== END MESSAGE ===
=== BEGIN MESSAGE ===
Client IP:
  127.0.0.1

Host:
  localhost

Requested URI:
  http://localhost/kanonghaemshahr/register.php

Date:
  2013-03-26 12:57:47

Error:
  SQL error: Duplicate entry 'info@nikannetwork.com' for key 'email'.

Developer Details:
  SQL error: INSERT INTO khabarname (email) values ('info@nikannetwork.com'). (SQL_ERROR)

tNG Execution Trace:
  tNG_insert.executeTransaction
    STARTER.Trigger_Default_Starter
    tNG_insert.doTransaction
      BEFORE.Trigger_Default_FormValidation
      tNG_insert.prepareSQL
      tNG_insert.executeTransaction - execute sql
      tNG_insert.postExecuteSql
      AFTER.Trigger_ImageUpload*
      ERROR.Trigger_Default_Insert_RollBack
  tNG_insert.getRecordset
  tNG_insert.getFakeRsArr
  tNG_insert.getLocalRecordset
  tNG_insert.getFakeRecordset
  tNG_insert.getFakeRecordset
  tNG_insert.executeTransaction
    STARTER.Trigger_Default_Starter
    tNG_insert.doTransaction
      BEFORE.Trigger_Default_FormValidation
      tNG_insert.prepareSQL
      tNG_insert.executeTransaction - execute sql*
      ERROR.Trigger_Default_Insert_RollBack
  tNG_insert.getRecordset
  tNG_insert.getFakeRsArr
  tNG_insert.getLocalRecordset
  tNG_insert.getFakeRecordset
  tNG_insert.getFakeRecordset
=== END MESSAGE ===
=== BEGIN MESSAGE ===
Client IP:
  127.0.0.1

Host:
  localhost

Requested URI:
  http://localhost/kanonghaemshahr/admin/member_add.php

Date:
  2013-03-26 14:38:43

Error:
  File upload error. No input of file type provided.

Developer Details:
  File upload error. Field "pic" does not have the "Submit as" property set to "file". (FILE_UPLOAD_WRONG_COLTYPE)

tNG Execution Trace:
  tNG_insert.executeTransaction
    STARTER.Trigger_Default_Starter
    tNG_insert.doTransaction
      BEFORE.Trigger_Default_FormValidation
      tNG_insert.prepareSQL
      tNG_insert.executeTransaction - execute sql
      tNG_insert.postExecuteSql
      AFTER.Trigger_ImageUpload*
      ERROR.Trigger_Default_Insert_RollBack
  tNG_insert.getRecordset
  tNG_insert.getFakeRsArr
  tNG_insert.getLocalRecordset
  tNG_insert.getFakeRecordset
  tNG_insert.getFakeRecordset
=== END MESSAGE ===
=== BEGIN MESSAGE ===
Client IP:
  127.0.0.1

Host:
  localhost

Requested URI:
  http://localhost/kanonghaemshahr/admin/member_add.php

Date:
  2013-03-26 14:39:13

Error:
  File upload error. No input of file type provided.

Developer Details:
  File upload error. Field "pic" does not have the "Submit as" property set to "file". (FILE_UPLOAD_WRONG_COLTYPE)

tNG Execution Trace:
  tNG_insert.executeTransaction
    STARTER.Trigger_Default_Starter
    tNG_insert.doTransaction
      BEFORE.Trigger_Default_FormValidation
      tNG_insert.prepareSQL
      tNG_insert.executeTransaction - execute sql
      tNG_insert.postExecuteSql
      AFTER.Trigger_ImageUpload*
      ERROR.Trigger_Default_Insert_RollBack
  tNG_insert.getRecordset
  tNG_insert.getFakeRsArr
  tNG_insert.getLocalRecordset
  tNG_insert.getFakeRecordset
  tNG_insert.getFakeRecordset
=== END MESSAGE ===
=== BEGIN MESSAGE ===
Client IP:
  127.0.0.1

Host:
  localhost

Requested URI:
  http://localhost/kanonghaemshahr/admin/member_add.php

Date:
  2013-03-26 14:39:22

Error:
  File upload error. No input of file type provided.

Developer Details:
  File upload error. Field "pic" does not have the "Submit as" property set to "file". (FILE_UPLOAD_WRONG_COLTYPE)

tNG Execution Trace:
  tNG_insert.executeTransaction
    STARTER.Trigger_Default_Starter
    tNG_insert.doTransaction
      BEFORE.Trigger_Default_FormValidation
      tNG_insert.prepareSQL
      tNG_insert.executeTransaction - execute sql
      tNG_insert.postExecuteSql
      AFTER.Trigger_ImageUpload*
      ERROR.Trigger_Default_Insert_RollBack
  tNG_insert.getRecordset
  tNG_insert.getFakeRsArr
  tNG_insert.getLocalRecordset
  tNG_insert.getFakeRecordset
  tNG_insert.getFakeRecordset
=== END MESSAGE ===
=== BEGIN MESSAGE ===
Client IP:
  127.0.0.1

Host:
  localhost

Requested URI:
  http://localhost/kanonghaemshahr/admin/member_add.php

Date:
  2013-03-27 08:16:07

Error:
  File upload error. No input of file type provided.

Developer Details:
  File upload error. Field "pic" does not have the "Submit as" property set to "file". (FILE_UPLOAD_WRONG_COLTYPE)

tNG Execution Trace:
  tNG_insert.executeTransaction
    STARTER.Trigger_Default_Starter
    tNG_insert.doTransaction
      BEFORE.Trigger_Default_FormValidation
      tNG_insert.prepareSQL
      tNG_insert.executeTransaction - execute sql
      tNG_insert.postExecuteSql
      AFTER.Trigger_ImageUpload*
      ERROR.Trigger_Default_Insert_RollBack
  tNG_insert.getRecordset
  tNG_insert.getFakeRsArr
  tNG_insert.getLocalRecordset
  tNG_insert.getFakeRecordset
  tNG_insert.getFakeRecordset
=== END MESSAGE ===
=== BEGIN MESSAGE ===
Client IP:
  46.225.29.26

Host:
  46.225.127.208

Requested URI:
  http://46.225.127.208/kanonghaemshahr/register.php

Date:
  2013-03-28 13:16:04

Error:
  SQL error: Column 'username' cannot be null.

Developer Details:
  SQL error: INSERT INTO users (username, password, email, fname, lname, birth, shenasname, reshte, madrak, homead, workad, homenum, worknum, mobilenum, faxnum, pic, summary, date, reg_year, marital, gender, li_uni, li_year, fli_reshte_uni, fli_year, fli_thesis, dr_reshte_uni, dr_year, dr_thesis, pedar, melli, nezam, parvane, paye, zipCode, active) values (null, null, 'fdfdhfg@fcgfgfg.ffg', null, null, null, null, null, null, null, null, null, null, null, null, '', null, null, null, null, null, null, null, null, null, null, null, null, null, null, null, null, null, null, null, null). (SQL_ERROR)

tNG Execution Trace:
  tNG_insert.executeTransaction
    STARTER.Trigger_Default_Starter
    tNG_insert.doTransaction
      BEFORE.Trigger_Default_FormValidation
      tNG_insert.prepareSQL
      tNG_insert.executeTransaction - execute sql*
      ERROR.Trigger_Default_Insert_RollBack
  tNG_insert.getRecordset
  tNG_insert.getFakeRsArr
  tNG_insert.getLocalRecordset
  tNG_insert.getFakeRecordset
  tNG_insert.getFakeRecordset
=== END MESSAGE ===
=== BEGIN MESSAGE ===
Client IP:
  127.0.0.1

Host:
  localhost

Requested URI:
  http://localhost/kanonghaemshahr/darkhastkart.php

Date:
  2013-03-30 17:36:02

Error:
  SQL error: Unknown column 'active' in 'field list'.

Developer Details:
  SQL error: INSERT INTO cardrequest (name, shenasname, melli, pedar, num, reshte, madrak, des, date, username, active) values ('کامران حسن زاده', '9', '2161915371', 'علی', 1000576, 'عمران', 'لیسانس', null, '1392/01/10', 1000576, 0). (SQL_ERROR)

tNG Execution Trace:
  tNG_insert.executeTransaction
    STARTER.Trigger_Default_Starter
    tNG_insert.doTransaction
      BEFORE.Trigger_Default_FormValidation
      tNG_insert.prepareSQL
      tNG_insert.executeTransaction - execute sql*
      ERROR.Trigger_Default_Insert_RollBack
  tNG_insert.getRecordset
  tNG_insert.getFakeRsArr
  tNG_insert.getLocalRecordset
  tNG_insert.getFakeRecordset
  tNG_insert.getFakeRecordset
=== END MESSAGE ===
=== BEGIN MESSAGE ===
Client IP:
  127.0.0.1

Host:
  localhost

Requested URI:
  http://localhost/kanonghaemshahr/darkhastkart.php

Date:
  2013-03-30 17:36:02

Error:
  SQL error: Column 'email' cannot be null.

Developer Details:
  SQL error: INSERT INTO khabarname (email) values (null). (SQL_ERROR)

tNG Execution Trace:
  tNG_insert.executeTransaction
    STARTER.Trigger_Default_Starter
    tNG_insert.doTransaction
      BEFORE.Trigger_Default_FormValidation
      tNG_insert.prepareSQL
      tNG_insert.executeTransaction - execute sql*
      ERROR.Trigger_Default_Insert_RollBack
  tNG_insert.getRecordset
  tNG_insert.getFakeRsArr
  tNG_insert.getLocalRecordset
  tNG_insert.getFakeRecordset
  tNG_insert.getFakeRecordset
  tNG_insert.executeTransaction
    STARTER.Trigger_Default_Starter
    tNG_insert.doTransaction
      BEFORE.Trigger_Default_FormValidation
      tNG_insert.prepareSQL
      tNG_insert.executeTransaction - execute sql*
      ERROR.Trigger_Default_Insert_RollBack
  tNG_insert.getRecordset
  tNG_insert.getFakeRsArr
  tNG_insert.getLocalRecordset
  tNG_insert.getFakeRecordset
  tNG_insert.getFakeRecordset
=== END MESSAGE ===
=== BEGIN MESSAGE ===
Client IP:
  127.0.0.1

Host:
  localhost

Requested URI:
  http://localhost/kanonghaemshahr/darkhastkart.php

Date:
  2013-03-30 17:36:32

Error:
  SQL error: Unknown column 'active' in 'field list'.

Developer Details:
  SQL error: INSERT INTO cardrequest (name, shenasname, melli, pedar, num, reshte, madrak, des, date, username, active) values ('کامران حسن زاده', '9', '2161915371', 'علی', 1000576, 'عمران', 'لیسانس', null, '1392/01/10', 1000576, 0). (SQL_ERROR)

tNG Execution Trace:
  tNG_insert.executeTransaction
    STARTER.Trigger_Default_Starter
    tNG_insert.doTransaction
      BEFORE.Trigger_Default_FormValidation
      tNG_insert.prepareSQL
      tNG_insert.executeTransaction - execute sql*
      ERROR.Trigger_Default_Insert_RollBack
  tNG_insert.getRecordset
  tNG_insert.getFakeRsArr
  tNG_insert.getLocalRecordset
  tNG_insert.getFakeRecordset
  tNG_insert.getFakeRecordset
=== END MESSAGE ===
=== BEGIN MESSAGE ===
Client IP:
  127.0.0.1

Host:
  localhost

Requested URI:
  http://localhost/kanonghaemshahr/darkhastkart.php

Date:
  2013-03-30 17:36:33

Error:
  SQL error: Column 'email' cannot be null.

Developer Details:
  SQL error: INSERT INTO khabarname (email) values (null). (SQL_ERROR)

tNG Execution Trace:
  tNG_insert.executeTransaction
    STARTER.Trigger_Default_Starter
    tNG_insert.doTransaction
      BEFORE.Trigger_Default_FormValidation
      tNG_insert.prepareSQL
      tNG_insert.executeTransaction - execute sql*
      ERROR.Trigger_Default_Insert_RollBack
  tNG_insert.getRecordset
  tNG_insert.getFakeRsArr
  tNG_insert.getLocalRecordset
  tNG_insert.getFakeRecordset
  tNG_insert.getFakeRecordset
  tNG_insert.executeTransaction
    STARTER.Trigger_Default_Starter
    tNG_insert.doTransaction
      BEFORE.Trigger_Default_FormValidation
      tNG_insert.prepareSQL
      tNG_insert.executeTransaction - execute sql*
      ERROR.Trigger_Default_Insert_RollBack
  tNG_insert.getRecordset
  tNG_insert.getFakeRsArr
  tNG_insert.getLocalRecordset
  tNG_insert.getFakeRecordset
  tNG_insert.getFakeRecordset
=== END MESSAGE ===
=== BEGIN MESSAGE ===
Client IP:
  127.0.0.1

Host:
  localhost

Requested URI:
  http://localhost/kanonghaemshahr/darkhastkart.php

Date:
  2013-03-30 17:36:36

Error:
  SQL error: Unknown column 'active' in 'field list'.

Developer Details:
  SQL error: INSERT INTO cardrequest (name, shenasname, melli, pedar, num, reshte, madrak, des, date, username, active) values ('کامران حسن زاده', '9', '2161915371', 'علی', 1000576, 'عمران', 'لیسانس', null, '1392/01/10', 1000576, 0). (SQL_ERROR)

tNG Execution Trace:
  tNG_insert.executeTransaction
    STARTER.Trigger_Default_Starter
    tNG_insert.doTransaction
      BEFORE.Trigger_Default_FormValidation
      tNG_insert.prepareSQL
      tNG_insert.executeTransaction - execute sql*
      ERROR.Trigger_Default_Insert_RollBack
  tNG_insert.getRecordset
  tNG_insert.getFakeRsArr
  tNG_insert.getLocalRecordset
  tNG_insert.getFakeRecordset
  tNG_insert.getFakeRecordset
=== END MESSAGE ===
=== BEGIN MESSAGE ===
Client IP:
  127.0.0.1

Host:
  localhost

Requested URI:
  http://localhost/kanonghaemshahr/darkhastkart.php

Date:
  2013-03-30 17:36:36

Error:
  SQL error: Column 'email' cannot be null.

Developer Details:
  SQL error: INSERT INTO khabarname (email) values (null). (SQL_ERROR)

tNG Execution Trace:
  tNG_insert.executeTransaction
    STARTER.Trigger_Default_Starter
    tNG_insert.doTransaction
      BEFORE.Trigger_Default_FormValidation
      tNG_insert.prepareSQL
      tNG_insert.executeTransaction - execute sql*
      ERROR.Trigger_Default_Insert_RollBack
  tNG_insert.getRecordset
  tNG_insert.getFakeRsArr
  tNG_insert.getLocalRecordset
  tNG_insert.getFakeRecordset
  tNG_insert.getFakeRecordset
  tNG_insert.executeTransaction
    STARTER.Trigger_Default_Starter
    tNG_insert.doTransaction
      BEFORE.Trigger_Default_FormValidation
      tNG_insert.prepareSQL
      tNG_insert.executeTransaction - execute sql*
      ERROR.Trigger_Default_Insert_RollBack
  tNG_insert.getRecordset
  tNG_insert.getFakeRsArr
  tNG_insert.getLocalRecordset
  tNG_insert.getFakeRecordset
  tNG_insert.getFakeRecordset
=== END MESSAGE ===
=== BEGIN MESSAGE ===
Client IP:
  127.0.0.1

Host:
  localhost

Requested URI:
  http://localhost/kanonghaemshahr/darkhastkart.php

Date:
  2013-03-30 17:38:07

Error:
  SQL error: Column 'des' cannot be null.

Developer Details:
  SQL error: INSERT INTO cardrequest (name, shenasname, melli, pedar, num, reshte, madrak, des, date, username, status) values ('کامران حسن زاده', '9', '2161915371', 'علی', 1000576, 'عمران', 'لیسانس', null, '1392/01/10', 1000576, null). (SQL_ERROR)

tNG Execution Trace:
  tNG_insert.executeTransaction
    STARTER.Trigger_Default_Starter
    tNG_insert.doTransaction
      BEFORE.Trigger_Default_FormValidation
      tNG_insert.prepareSQL
      tNG_insert.executeTransaction - execute sql*
      ERROR.Trigger_Default_Insert_RollBack
  tNG_insert.getRecordset
  tNG_insert.getFakeRsArr
  tNG_insert.getLocalRecordset
  tNG_insert.getFakeRecordset
  tNG_insert.getFakeRecordset
=== END MESSAGE ===
=== BEGIN MESSAGE ===
Client IP:
  127.0.0.1

Host:
  localhost

Requested URI:
  http://localhost/kanonghaemshahr/darkhastkart.php

Date:
  2013-03-30 17:38:07

Error:
  SQL error: Column 'email' cannot be null.

Developer Details:
  SQL error: INSERT INTO khabarname (email) values (null). (SQL_ERROR)

tNG Execution Trace:
  tNG_insert.executeTransaction
    STARTER.Trigger_Default_Starter
    tNG_insert.doTransaction
      BEFORE.Trigger_Default_FormValidation
      tNG_insert.prepareSQL
      tNG_insert.executeTransaction - execute sql*
      ERROR.Trigger_Default_Insert_RollBack
  tNG_insert.getRecordset
  tNG_insert.getFakeRsArr
  tNG_insert.getLocalRecordset
  tNG_insert.getFakeRecordset
  tNG_insert.getFakeRecordset
  tNG_insert.executeTransaction
    STARTER.Trigger_Default_Starter
    tNG_insert.doTransaction
      BEFORE.Trigger_Default_FormValidation
      tNG_insert.prepareSQL
      tNG_insert.executeTransaction - execute sql*
      ERROR.Trigger_Default_Insert_RollBack
  tNG_insert.getRecordset
  tNG_insert.getFakeRsArr
  tNG_insert.getLocalRecordset
  tNG_insert.getFakeRecordset
  tNG_insert.getFakeRecordset
=== END MESSAGE ===
