=== BEGIN MESSAGE ===
Client IP:
  127.0.0.1

Host:
  localhost

Requested URI:
  http://localhost/portal/admin/setting_reg.php

Date:
  2015-06-15 14:27:34

Error:
  Internal error.

Developer Details:
  tNG_update.getLocalRecordset:<br /><strong>Error message:</strong><br />Unknown column 'reg_aftermsg' in 'field list'<br /><strong>SQL statement:</strong><br />SELECT reg_aftermsg,id, id as kt_pk_setting FROM setting WHERE id =1 (UPD_RS)

tNG Execution Trace:
  tNG_update.executeTransaction
    STARTER.Trigger_Default_Starter
  tNG_update.getRecordset
  tNG_update.getLocalRecordset*
=== END MESSAGE ===
=== BEGIN MESSAGE ===
Client IP:
  127.0.0.1

Host:
  localhost

Requested URI:
  http://localhost/portal/admin/block_add.php

Date:
  2015-06-15 18:46:28

Error:
  SQL error: Column 'itemcount' cannot be null.

Developer Details:
  SQL error: INSERT INTO block (name, title, type, image, levelid, viewtype, itemtype, cat, subcat, itemsort, itemcount, align, tozihat, sort, weblogcode, active) values ('پربازدیدترین', 'پربازدیدترین', '1', '', null, '1', '1', null, null, '1', null, '1', null, 1, null, '1'). (SQL_ERROR)

tNG Execution Trace:
  tNG_insert.executeTransaction
    STARTER.Trigger_Default_Starter
    tNG_insert.doTransaction
      BEFORE.Trigger_Default_FormValidation
      tNG_insert.prepareSQL
      tNG_insert.executeTransaction - execute sql*
      ERROR.Trigger_Default_Insert_RollBack
  tNG_insert.getRecordset
  tNG_insert.getFakeRsArr
  tNG_insert.getLocalRecordset
  tNG_insert.getFakeRecordset
  tNG_insert.getFakeRecordset
=== END MESSAGE ===
=== BEGIN MESSAGE ===
Client IP:
  127.0.0.1

Host:
  localhost

Requested URI:
  http://localhost/portal/admin/block_add.php

Date:
  2015-06-15 18:47:20

Error:
  SQL error: Column 'itemcount' cannot be null.

Developer Details:
  SQL error: INSERT INTO block (name, title, type, image, levelid, viewtype, itemtype, cat, subcat, itemsort, itemcount, align, tozihat, sort, weblogcode, active) values ('پربازدیدترین', 'پربازدیدترین', '1', '', null, '1', '1', null, null, '1', null, '1', null, 1, null, '1'). (SQL_ERROR)

tNG Execution Trace:
  tNG_insert.executeTransaction
    STARTER.Trigger_Default_Starter
    tNG_insert.doTransaction
      BEFORE.Trigger_Default_FormValidation
      tNG_insert.prepareSQL
      tNG_insert.executeTransaction - execute sql*
      ERROR.Trigger_Default_Insert_RollBack
  tNG_insert.getRecordset
  tNG_insert.getFakeRsArr
  tNG_insert.getLocalRecordset
  tNG_insert.getFakeRecordset
  tNG_insert.getFakeRecordset
=== END MESSAGE ===
=== BEGIN MESSAGE ===
Client IP:
  127.0.0.1

Host:
  localhost

Requested URI:
  http://localhost/portal/admin/block_add.php

Date:
  2015-06-15 18:48:28

Error:
  SQL error: Column 'weblogcode' cannot be null.

Developer Details:
  SQL error: INSERT INTO block (name, title, type, image, levelid, viewtype, itemtype, cat, subcat, itemsort, itemcount, align, tozihat, sort, weblogcode, active) values ('پربازدیدترین', 'پربازدیدترین', '1', '', null, '1', '1', null, null, '1', 10, '1', null, 1, null, '1'). (SQL_ERROR)

tNG Execution Trace:
  tNG_insert.executeTransaction
    STARTER.Trigger_Default_Starter
    tNG_insert.doTransaction
      BEFORE.Trigger_Default_FormValidation
      tNG_insert.prepareSQL
      tNG_insert.executeTransaction - execute sql*
      ERROR.Trigger_Default_Insert_RollBack
  tNG_insert.getRecordset
  tNG_insert.getFakeRsArr
  tNG_insert.getLocalRecordset
  tNG_insert.getFakeRecordset
  tNG_insert.getFakeRecordset
=== END MESSAGE ===
