=== BEGIN MESSAGE ===
Client IP:
  ::1

Host:
  localhost

Requested URI:
  http://localhost/company/admin/plugins/products/products_add.php

Date:
  2018-02-04 20:14:42

Error:
  SQL error: Duplicate entry '1' for key 'code'.

Developer Details:
  SQL error: INSERT INTO products (name, code, category, keywords, company, description, fulldescription, specifications, viewcount, setdate, image, barcode, stock, stocktype, price, discount, profit, linkcatalog, linkvideo, gallerycat, slideshowcat, linkcat, contentscat, advertisecat, pollingcat, servicecat, faqcat, sort, style, portalid, status) values ('رشد کسب و کار', '1', 3, null, null, '&lt;h3&gt;به متنی آزمایشی و بی&zwnj;معنی در صنعت چاپ، صفحه&zwnj;آرایی و طراحی گرافیک گفته می&zwnj;شود.&lt;/h3&gt;
', '&lt;p&gt;به متنی آزمایشی و بی&zwnj;معنی در صنعت چاپ، صفحه&zwnj;آرایی و طراحی گرافیک گفته می&zwnj;شود.به متنی آزمایشی و بی&zwnj;معنی در صنعت چاپ، صفحه&zwnj;آرایی و طراحی گرافیک گفته می&zwnj;شود. معمولا طراحان گرافیک برای صفحه&zwnj;آرایی، نخست از متن&zwnj;های آزمایشی و بی&zwnj;معنی استفاده می&zwnj;کنند تا صرفا به مشتری یا صاحب کار خود نشان دهند که صفحه طراحی یا صفحه بندی معمولا طراحان گرافیک برای صفحه&zwnj;آرایی، نخست از متن&zwnj;های آزمایشی و بی&zwnj;معنی استفاده صفحه طراحی یا صفحه بندی&lt;/p&gt;
', null, 0, '1396/11/15 20:14:42', '', '', 0, null, '0', 0, 0, null, null, null, null, null, null, null, null, null, null, 5, null, 0, '1'). (SQL_ERROR)

tNG Execution Trace:
  tNG_insert.executeTransaction
    STARTER.Trigger_Default_Starter
    tNG_insert.doTransaction
      BEFORE.Trigger_Default_FormValidation
      tNG_insert.prepareSQL
      tNG_insert.executeTransaction - execute sql*
      ERROR.Trigger_Default_Insert_RollBack
  tNG_insert.getRecordset
  tNG_insert.getFakeRsArr
  tNG_insert.getLocalRecordset
  tNG_insert.getFakeRecordset
  tNG_insert.getFakeRecordset
=== END MESSAGE ===
=== BEGIN MESSAGE ===
Client IP:
  ::1

Host:
  localhost

Requested URI:
  http://localhost/company/admin/plugins/departmentmem/departmentmem_add.php

Date:
  2018-02-10 19:11:11

Error:
  SQL error: Unknown column 'style' in 'field list'.

Developer Details:
  SQL error: INSERT INTO departmentmem (name, category, gradeid, semat, specialty, mobile, tel, email, regdate, image, description, facebook, twitter, linkedin, plus, telegram, skype, lenzor, instagram, sort, style, portalid, status) values ('علی محمدی', 1, 4, 'کارشناس شبکه', '8', '4', '3', '5', '1396/11/21 19:11:11', '', '&lt;p&gt;7&lt;/p&gt;
', '10', '14', '15', '11', '9', '12', '16', '13', 1, '6', 0, '1'). (SQL_ERROR)

tNG Execution Trace:
  tNG_insert.executeTransaction
    STARTER.Trigger_Default_Starter
    tNG_insert.doTransaction
      BEFORE.Trigger_Default_FormValidation
      tNG_insert.prepareSQL
      tNG_insert.executeTransaction - execute sql*
      ERROR.Trigger_Default_Insert_RollBack
  tNG_insert.getRecordset
  tNG_insert.getFakeRsArr
  tNG_insert.getLocalRecordset
  tNG_insert.getFakeRecordset
  tNG_insert.getFakeRecordset
=== END MESSAGE ===
=== BEGIN MESSAGE ===
Client IP:
  ::1

Host:
  localhost

Requested URI:
  http://localhost/company/admin/plugins/departmentmem/departmentmem_add.php

Date:
  2018-02-10 20:00:16

Error:
  SQL error: Column 'email' cannot be null.

Developer Details:
  SQL error: INSERT INTO departmentmem (name, category, gradeid, semat, specialty, mobile, tel, email, regdate, image, description, facebook, twitter, linkedin, plus, telegram, skype, lenzor, instagram, sort, style, portalid, status) values ('علی احمدی', 1, null, 'برنامه نویس ارشد', null, null, null, null, '1396/11/21 20:00:16', '', null, '#', '#', null, null, '#', null, null, '#', 1, null, 0, '1'). (SQL_ERROR)

tNG Execution Trace:
  tNG_insert.executeTransaction
    STARTER.Trigger_Default_Starter
    tNG_insert.doTransaction
      BEFORE.Trigger_Default_FormValidation
      tNG_insert.prepareSQL
      tNG_insert.executeTransaction - execute sql*
      ERROR.Trigger_Default_Insert_RollBack
  tNG_insert.getRecordset
  tNG_insert.getFakeRsArr
  tNG_insert.getLocalRecordset
  tNG_insert.getFakeRecordset
  tNG_insert.getFakeRecordset
=== END MESSAGE ===
=== BEGIN MESSAGE ===
Client IP:
  ::1

Host:
  localhost

Requested URI:
  http://localhost/bet2/admin/plugins/users/users_add.php

Date:
  2018-02-19 11:45:58

Error:
  SQL error: Incorrect datetime value: '0000-00-00 00:00:00' for column 'updated_at' at row 1.

Developer Details:
  SQL error: INSERT INTO `users` (first_name, last_name, mobile, email, username, password, status, created_at) values ('ali', 'ahmadi', '09388333333', 'admin', 'rrr', '0937afa17f4dc08f3c0e5dc908158370ce64df86', '1', ''). (SQL_ERROR)

tNG Execution Trace:
  tNG_insert.executeTransaction
    STARTER.Trigger_Default_Starter
    tNG_insert.doTransaction
      BEFORE.Trigger_Default_FormValidation
      tNG_insert.prepareSQL
      tNG_insert.executeTransaction - execute sql*
      ERROR.Trigger_Default_Insert_RollBack
  tNG_insert.getRecordset
  tNG_insert.getFakeRsArr
  tNG_insert.getLocalRecordset
  tNG_insert.getFakeRecordset
  tNG_insert.getFakeRecordset
=== END MESSAGE ===
=== BEGIN MESSAGE ===
Client IP:
  ::1

Host:
  localhost

Requested URI:
  http://localhost/bet2/admin/plugins/users/users_add.php

Date:
  2018-02-19 11:46:32

Error:
  SQL error: Incorrect datetime value: '' for column 'created_at' at row 1.

Developer Details:
  SQL error: INSERT INTO `users` (first_name, last_name, mobile, email, username, password, status, created_at, updated_at) values ('ali', 'ahmadi', '09388333333', 'admin', 'rrr', '0937afa17f4dc08f3c0e5dc908158370ce64df86', '1', '', ''). (SQL_ERROR)

tNG Execution Trace:
  tNG_insert.executeTransaction
    STARTER.Trigger_Default_Starter
    tNG_insert.doTransaction
      BEFORE.Trigger_Default_FormValidation
      tNG_insert.prepareSQL
      tNG_insert.executeTransaction - execute sql*
      ERROR.Trigger_Default_Insert_RollBack
  tNG_insert.getRecordset
  tNG_insert.getFakeRsArr
  tNG_insert.getLocalRecordset
  tNG_insert.getFakeRecordset
  tNG_insert.getFakeRecordset
=== END MESSAGE ===
=== BEGIN MESSAGE ===
Client IP:
  ::1

Host:
  localhost

Requested URI:
  http://localhost/bet2/admin/plugins/users/users_increase.php?id=!!!!AN1QuJtVHvX0j3JKtTrHHQ

Date:
  2018-02-19 15:18:50

Error:
  SQL error: Column 'cash' cannot be null.

Developer Details:
  SQL error: UPDATE `users` SET cash=null, updated_at='2018-02-19 15:18:50' WHERE id = 3818. (SQL_ERROR)

tNG Execution Trace:
  tNG_update.getRecordset
  tNG_update.getLocalRecordset
  tNG_update.executeTransaction
    STARTER.Trigger_Default_Starter
    tNG_update.doTransaction
      BEFORE.Trigger_Default_saveData
        tNG_update.saveData
      BEFORE.Trigger_Default_FormValidation
      tNG_update.prepareSQL
      tNG_update.executeTransaction - execute sql*
=== END MESSAGE ===
=== BEGIN MESSAGE ===
Client IP:
  ::1

Host:
  localhost

Requested URI:
  http://localhost/bet2/admin/plugins/users/users_increase.php?id=!!!!wiGQieI61xE3shRRD4RZiI

Date:
  2018-02-21 10:45:04

Error:
  SQL error: Unknown column 'user' in 'field list'.

Developer Details:
  SQL error: INSERT INTO `transactions` (price, user, created_at, status) values (64990, 3818, '2018-02-21 10:45:04', 1). (SQL_ERROR)

tNG Execution Trace:
  tNG_insert.executeTransaction
    STARTER.Trigger_Default_Starter
    tNG_insert.doTransaction
      tNG_insert.prepareSQL
      tNG_insert.executeTransaction - execute sql*
      ERROR.Trigger_Default_Insert_RollBack
  tNG_insert.getRecordset
  tNG_insert.getFakeRsArr
  tNG_insert.getLocalRecordset
  tNG_insert.getFakeRecordset
  tNG_insert.getFakeRecordset
=== END MESSAGE ===
