=== BEGIN MESSAGE ===
Client IP:
  ::1

Host:
  localhost

Requested URI:
  http://localhost/bet2/admin1/plugins/settings/settings_edit.php?id=!!!!QEUcyDXZ9XeQmqFYZaLzri

Date:
  2018-05-15 12:38:55

Error:
  SQL error: Column 'value' cannot be null.

Developer Details:
  SQL error: UPDATE settings SET name='زبان سایت', updated_at='2018-05-15 12:38:55', value=null WHERE id = 3. (SQL_ERROR)

tNG Execution Trace:
  tNG_update.executeTransaction
    STARTER.Trigger_Default_Starter
    tNG_update.doTransaction
      BEFORE.Trigger_Default_saveData
        tNG_update.saveData
      tNG_update.prepareSQL
      tNG_update.executeTransaction - execute sql*
  tNG_update.getRecordset
  tNG_update.getFakeRsArr
  tNG_update.getLocalRecordset
  tNG_update.getFakeRecordset
=== END MESSAGE ===
=== BEGIN MESSAGE ===
Client IP:
  ::1

Host:
  localhost

Requested URI:
  http://localhost/bet2/admin1/plugins/settings/settings_edit.php?id=!!!!gsUYIs5J2KQS08uNFfOX8W

Date:
  2018-05-15 13:10:56

Error:
  Internal error.

Developer Details:
  tNG_update.getLocalRecordset:<br /><strong>Error message:</strong><br />Unknown column 'logo' in 'field list'<br /><strong>SQL statement:</strong><br />SELECT name,updated_at,value,logo,id, id as kt_pk_settings FROM settings WHERE id =22 (UPD_RS)

tNG Execution Trace:
  tNG_update.executeTransaction
    STARTER.Trigger_Default_Starter
  tNG_update.getRecordset
  tNG_update.getLocalRecordset*
=== END MESSAGE ===
=== BEGIN MESSAGE ===
Client IP:
  ::1

Host:
  localhost

Requested URI:
  http://localhost/bet2/admin1/plugins/settings/settings_edit.php?id=!!!!gsUYIs5J2KQS08uNFfOX8W

Date:
  2018-05-15 13:11:50

Error:
  File upload error: Invalid file name.

Developer Details:
  File upload error: Invalid file name. File name is empty. (FILE_UPLOAD_ERROR)

tNG Execution Trace:
  tNG_update.executeTransaction
    STARTER.Trigger_Default_Starter
    tNG_update.doTransaction
      BEFORE.Trigger_Default_saveData
        tNG_update.saveData
      tNG_update.prepareSQL
      tNG_update.executeTransaction - execute sql
      AFTER.Trigger_ImageUpload*
  tNG_update.getRecordset
  tNG_update.getFakeRsArr
  tNG_update.getLocalRecordset
  tNG_update.getFakeRecordset
=== END MESSAGE ===
=== BEGIN MESSAGE ===
Client IP:
  ::1

Host:
  localhost

Requested URI:
  http://localhost/bet2/admin1/plugins/settings/settings_edit.php?id=!!!!gsUYIs5J2KQS08uNFfOX8W

Date:
  2018-05-15 13:12:08

Error:
  SQL error: Column 'name' cannot be null.

Developer Details:
  SQL error: UPDATE settings SET name=null, updated_at='2018-05-15 13:12:08', value=value WHERE id = 22. (SQL_ERROR)

tNG Execution Trace:
  tNG_update.executeTransaction
    STARTER.Trigger_Default_Starter
    tNG_update.doTransaction
      BEFORE.Trigger_Default_saveData
        tNG_update.saveData
      tNG_update.prepareSQL
      tNG_update.executeTransaction - execute sql*
  tNG_update.getRecordset
  tNG_update.getFakeRsArr
  tNG_update.getLocalRecordset
  tNG_update.getFakeRecordset
=== END MESSAGE ===
=== BEGIN MESSAGE ===
Client IP:
  ::1

Host:
  localhost

Requested URI:
  http://localhost/bet2/admin1/plugins/settings/settings_edit.php?id=!!!!gsUYIs5J2KQS08uNFfOX8W

Date:
  2018-05-15 13:13:22

Error:
  File upload error: Invalid file name.

Developer Details:
  File upload error: Invalid file name. File name is empty. (FILE_UPLOAD_ERROR)

tNG Execution Trace:
  tNG_update.executeTransaction
    STARTER.Trigger_Default_Starter
    tNG_update.doTransaction
      BEFORE.Trigger_Default_saveData
        tNG_update.saveData
      tNG_update.prepareSQL
      tNG_update.executeTransaction - execute sql
      AFTER.Trigger_ImageUpload*
  tNG_update.getRecordset
  tNG_update.getFakeRsArr
  tNG_update.getLocalRecordset
  tNG_update.getFakeRecordset
=== END MESSAGE ===
=== BEGIN MESSAGE ===
Client IP:
  ::1

Host:
  localhost

Requested URI:
  http://localhost/bet2/admin1/plugins/settings/settings_edit.php?id=!!!!gsUYIs5J2KQS08uNFfOX8W

Date:
  2018-05-15 13:43:48

Error:
  File upload error: Invalid file name.

Developer Details:
  File upload error: Invalid file name. File name is empty. (FILE_UPLOAD_ERROR)

tNG Execution Trace:
  tNG_update.executeTransaction
    STARTER.Trigger_Default_Starter
    tNG_update.doTransaction
      BEFORE.Trigger_Default_saveData
        tNG_update.saveData
      tNG_update.prepareSQL
      tNG_update.executeTransaction - execute sql
      AFTER.Trigger_ImageUpload*
  tNG_update.getRecordset
  tNG_update.getFakeRsArr
  tNG_update.getLocalRecordset
  tNG_update.getFakeRecordset
=== END MESSAGE ===
=== BEGIN MESSAGE ===
Client IP:
  ::1

Host:
  localhost

Requested URI:
  http://localhost/bet2/admin1/plugins/withdraw/withdraw_status.php?status=1&id=!!!!wnqy@@OANzs4ndMcKAqZhE6

Date:
  2018-05-21 14:17:02

Error:
  SQL error: Truncated incorrect DOUBLE value: '10673_5912ba8b545288c09ad7429d74310ab4'.

Developer Details:
  SQL error: UPDATE `transactions` SET status=1, updated_at='2018-05-21 14:17:02' WHERE pay_code = 2147483647. (SQL_ERROR)

tNG Execution Trace:
  tNG_update.executeTransaction
    STARTER.Trigger_Default_Starter
    tNG_update.doTransaction
      BEFORE.Trigger_Default_saveData
        tNG_update.saveData
      tNG_update.prepareSQL
      tNG_update.executeTransaction - execute sql
  tNG_update.executeTransaction
    STARTER.Trigger_Default_Starter
    tNG_update.doTransaction
      BEFORE.Trigger_Default_saveData
        tNG_update.saveData
      tNG_update.prepareSQL
      tNG_update.executeTransaction - execute sql*
=== END MESSAGE ===
=== BEGIN MESSAGE ===
Client IP:
  ::1

Host:
  localhost

Requested URI:
  http://localhost/bet2/admin1/plugins/withdraw/withdraw_status.php?status=1&id=!!!!wnqy@@OANzs4ndMcKAqZhE6

Date:
  2018-05-21 14:18:53

Error:
  SQL error: Truncated incorrect DOUBLE value: '10673_5912ba8b545288c09ad7429d74310ab4'.

Developer Details:
  SQL error: UPDATE `transactions` SET status=1, updated_at='2018-05-21 14:18:53' WHERE pay_code = 2147483647. (SQL_ERROR)

tNG Execution Trace:
  tNG_update.executeTransaction
    STARTER.Trigger_Default_Starter
    tNG_update.doTransaction
      BEFORE.Trigger_Default_saveData
        tNG_update.saveData
      tNG_update.prepareSQL
      tNG_update.executeTransaction - execute sql
  tNG_update.executeTransaction
    STARTER.Trigger_Default_Starter
    tNG_update.doTransaction
      BEFORE.Trigger_Default_saveData
        tNG_update.saveData
      tNG_update.prepareSQL
      tNG_update.executeTransaction - execute sql*
=== END MESSAGE ===
=== BEGIN MESSAGE ===
Client IP:
  ::1

Host:
  localhost

Requested URI:
  http://localhost/bet2/admin1/plugins/withdraw/withdraw_status.php?status=1&id=!!!!wnqy@@OANzs4ndMcKAqZhE6

Date:
  2018-05-21 14:19:20

Error:
  SQL error: Truncated incorrect DOUBLE value: '10673_5912ba8b545288c09ad7429d74310ab4'.

Developer Details:
  SQL error: UPDATE `transactions` SET status=1, updated_at='2018-05-21 14:19:20' WHERE pay_code = 2147483647. (SQL_ERROR)

tNG Execution Trace:
  tNG_update.executeTransaction
    STARTER.Trigger_Default_Starter
    tNG_update.doTransaction
      BEFORE.Trigger_Default_saveData
        tNG_update.saveData
      tNG_update.prepareSQL
      tNG_update.executeTransaction - execute sql
  tNG_update.executeTransaction
    STARTER.Trigger_Default_Starter
    tNG_update.doTransaction
      BEFORE.Trigger_Default_saveData
        tNG_update.saveData
      tNG_update.prepareSQL
      tNG_update.executeTransaction - execute sql*
=== END MESSAGE ===
=== BEGIN MESSAGE ===
Client IP:
  ::1

Host:
  localhost

Requested URI:
  http://localhost/bet2/admin1/plugins/withdraw/withdraw_status.php?status=1&id=!!!!wnqy@@OANzs4ndMcKAqZhE6

Date:
  2018-05-21 14:28:38

Error:
  SQL error: Truncated incorrect DOUBLE value: '10673_5912ba8b545288c09ad7429d74310ab4'.

Developer Details:
  SQL error: UPDATE `transactions` SET status=1, updated_at='2018-05-21 14:28:38' WHERE pay_code = 2147483647. (SQL_ERROR)

tNG Execution Trace:
  tNG_update.executeTransaction
    STARTER.Trigger_Default_Starter
    tNG_update.doTransaction
      BEFORE.Trigger_Default_saveData
        tNG_update.saveData
      tNG_update.prepareSQL
      tNG_update.executeTransaction - execute sql
  tNG_update.executeTransaction
    STARTER.Trigger_Default_Starter
    tNG_update.doTransaction
      BEFORE.Trigger_Default_saveData
        tNG_update.saveData
      tNG_update.prepareSQL
      tNG_update.executeTransaction - execute sql*
=== END MESSAGE ===
=== BEGIN MESSAGE ===
Client IP:
  ::1

Host:
  localhost

Requested URI:
  http://localhost/bet2/admin1/plugins/withdraw/withdraw_status.php?status=1&id=!!!!wnqy@@OANzs4ndMcKAqZhE6

Date:
  2018-05-21 14:32:47

Error:
  SQL error: Truncated incorrect DOUBLE value: '10673_5912ba8b545288c09ad7429d74310ab4'.

Developer Details:
  SQL error: UPDATE `transactions` SET status=1, updated_at='2018-05-21 14:32:47' WHERE pay_code = 2147483647. (SQL_ERROR)

tNG Execution Trace:
  tNG_update.executeTransaction
    STARTER.Trigger_Default_Starter
    tNG_update.doTransaction
      BEFORE.Trigger_Default_saveData
        tNG_update.saveData
      tNG_update.prepareSQL
      tNG_update.executeTransaction - execute sql
  tNG_update.executeTransaction
    STARTER.Trigger_Default_Starter
    tNG_update.doTransaction
      BEFORE.Trigger_Default_saveData
        tNG_update.saveData
      tNG_update.prepareSQL
      tNG_update.executeTransaction - execute sql*
=== END MESSAGE ===
=== BEGIN MESSAGE ===
Client IP:
  ::1

Host:
  localhost

Requested URI:
  http://localhost/bet2/admin1/plugins/withdraw/withdraw_status.php?status=1&id=!!!!wnqy@@OANzs4ndMcKAqZhE6

Date:
  2018-05-21 14:33:04

Error:
  SQL error: Truncated incorrect DOUBLE value: '10673_5912ba8b545288c09ad7429d74310ab4'.

Developer Details:
  SQL error: UPDATE `transactions` SET status=1, updated_at='2018-05-21 14:33:04' WHERE pay_code = 2147483647. (SQL_ERROR)

tNG Execution Trace:
  tNG_update.executeTransaction
    STARTER.Trigger_Default_Starter
    tNG_update.doTransaction
      BEFORE.Trigger_Default_saveData
        tNG_update.saveData
      tNG_update.prepareSQL
      tNG_update.executeTransaction - execute sql
  tNG_update.executeTransaction
    STARTER.Trigger_Default_Starter
    tNG_update.doTransaction
      BEFORE.Trigger_Default_saveData
        tNG_update.saveData
      tNG_update.prepareSQL
      tNG_update.executeTransaction - execute sql*
=== END MESSAGE ===
=== BEGIN MESSAGE ===
Client IP:
  ::1

Host:
  localhost

Requested URI:
  http://localhost/bet2/admin1/plugins/users/users_add.php

Date:
  2018-05-26 12:31:23

Error:
  SQL error: Column 'password' cannot be null.

Developer Details:
  SQL error: INSERT INTO `users` (first_name, last_name, mobile, email, username, password, status, account_num, card_num, shaba_num, bank_name, description, created_at, updated_at) values ('gfgfgf', 'hgh', '09394280765', 'fefdf@ff.hg', 'ghghg', null, '1', '4344', '55356565656', '454545gf', 'njhjln', 'vdxfd', '2018-05-26 12:31:23', '2018-05-26 12:31:23'). (SQL_ERROR)

tNG Execution Trace:
  tNG_insert.executeTransaction
    STARTER.Trigger_Default_Starter
    tNG_insert.doTransaction
      BEFORE.Trigger_Default_FormValidation
      tNG_insert.prepareSQL
      tNG_insert.executeTransaction - execute sql*
      ERROR.Trigger_Default_Insert_RollBack
  tNG_insert.getRecordset
  tNG_insert.getFakeRsArr
  tNG_insert.getLocalRecordset
  tNG_insert.getFakeRecordset
  tNG_insert.getFakeRecordset
=== END MESSAGE ===
=== BEGIN MESSAGE ===
Client IP:
  ::1

Host:
  localhost

Requested URI:
  http://localhost/bet2/admin1/plugins/users/users_add.php

Date:
  2018-05-26 13:22:46

Error:
  این ایمیل قبلا استفاده شده است

Developer Details:
  %s

tNG Execution Trace:
  tNG_insert.executeTransaction
    STARTER.Trigger_Default_Starter
    tNG_insert.doTransaction
      BEFORE.Trigger_Default_FormValidation
      BEFORE.Trigger_CheckUnique2
      BEFORE.Trigger_CheckUnique*
      ERROR.Trigger_Default_Insert_RollBack
  tNG_insert.getRecordset
  tNG_insert.getFakeRsArr
  tNG_insert.getLocalRecordset
  tNG_insert.getFakeRecordset
  tNG_insert.getFakeRecordset
=== END MESSAGE ===
=== BEGIN MESSAGE ===
Client IP:
  ::1

Host:
  localhost

Requested URI:
  http://localhost/bet2/admin1/plugins/users/users_edit.php?id=!!!!Qrc1ZKaQyxG461TYGGCZh8

Date:
  2018-05-26 13:25:51

Error:
  این ایمیل قبلا استفاده شده است

Developer Details:
  %s

tNG Execution Trace:
  tNG_update.executeTransaction
    STARTER.Trigger_Default_Starter
    tNG_update.doTransaction
      BEFORE.Trigger_Default_saveData
        tNG_update.saveData
      BEFORE.Trigger_Default_FormValidation
      BEFORE.Trigger_CheckUnique2
      BEFORE.Trigger_CheckUnique*
  tNG_update.getRecordset
  tNG_update.getFakeRsArr
  tNG_update.getLocalRecordset
  tNG_update.getFakeRecordset
=== END MESSAGE ===
=== BEGIN MESSAGE ===
Client IP:
  ::1

Host:
  localhost

Requested URI:
  http://localhost/bet2/admin1/plugins/users/users_change_pass.php?id=!!!!Qrc1ZKaQyxG461TYGGCZh8

Date:
  2018-05-27 10:13:42

Error:
  Internal error.

Developer Details:
  tNG_update.getLocalRecordset:<br /><strong>Error message:</strong><br />Unknown column 'pass' in 'field list'<br /><strong>SQL statement:</strong><br />SELECT pass,id, id as kt_pk__users_ FROM `users` WHERE id =3855 (UPD_RS)

tNG Execution Trace:
  tNG_update.executeTransaction
    STARTER.Trigger_Default_Starter
  tNG_update.getRecordset
  tNG_update.getLocalRecordset*
=== END MESSAGE ===
=== BEGIN MESSAGE ===
Client IP:
  ::1

Host:
  localhost

Requested URI:
  http://localhost/bet2/admin1/plugins/users/users_add.php

Date:
  2018-05-27 10:53:09

Error:
  SQL error: Column 'password' cannot be null.

Developer Details:
  SQL error: INSERT INTO `users` (first_name, last_name, mobile, email, username, password, status, account_num, card_num, shaba_num, bank_name, description, created_at, updated_at) values ('sdsd', 'dsds', '09394280754', 'dsds@ggg.gg', '5aynaz111', null, '1', '54545', null, null, null, null, '2018-05-27 10:53:09', '2018-05-27 10:53:09'). (SQL_ERROR)

tNG Execution Trace:
  tNG_insert.executeTransaction
    STARTER.Trigger_Default_Starter
    tNG_insert.doTransaction
      BEFORE.Trigger_Default_FormValidation
      BEFORE.Trigger_CheckUnique
      BEFORE.Trigger_CheckUnique2
      tNG_insert.prepareSQL
      tNG_insert.executeTransaction - execute sql*
      ERROR.Trigger_Default_Insert_RollBack
  tNG_insert.getRecordset
  tNG_insert.getFakeRsArr
  tNG_insert.getLocalRecordset
  tNG_insert.getFakeRecordset
  tNG_insert.getFakeRecordset
=== END MESSAGE ===
=== BEGIN MESSAGE ===
Client IP:
  ::1

Host:
  localhost

Requested URI:
  http://localhost/bet2/admin1/plugins/pages/pages_add.php

Date:
  2018-05-28 15:20:46

Error:
  SQL error: Field 'tpl' doesn't have a default value.

Developer Details:
  SQL error: INSERT INTO content_pages (name, slug, short_description, description, created_at, compiler, status) values ('hghg', 'hghg', '&lt;p&gt;ghghg&lt;/p&gt;
', '&lt;p&gt;hghgh&lt;/p&gt;
', '2018-05-28 15:20:45', 'none', '1'). (SQL_ERROR)

tNG Execution Trace:
  tNG_insert.executeTransaction
    STARTER.Trigger_Default_Starter
    tNG_insert.doTransaction
      BEFORE.Trigger_Default_FormValidation
      BEFORE.Trigger_CheckUnique
      tNG_insert.prepareSQL
      tNG_insert.executeTransaction - execute sql*
      ERROR.Trigger_Default_Insert_RollBack
  tNG_insert.getRecordset
  tNG_insert.getFakeRsArr
  tNG_insert.getLocalRecordset
  tNG_insert.getFakeRecordset
  tNG_insert.getFakeRecordset
=== END MESSAGE ===
=== BEGIN MESSAGE ===
Client IP:
  ::1

Host:
  localhost

Requested URI:
  http://localhost/bet2/admin1/plugins/menus/menus_add.php

Date:
  2018-05-29 11:21:12

Error:
  SQL error: Column 'icon' cannot be null.

Developer Details:
  SQL error: INSERT INTO menus (title, target, group_id, created_at, icon, weight, status) values ('gfgf', 'one', '2', '2018-05-29 11:21:12', null, null, '1'). (SQL_ERROR)

tNG Execution Trace:
  tNG_insert.executeTransaction
    STARTER.Trigger_Default_Starter
    tNG_insert.doTransaction
      BEFORE.Trigger_Default_FormValidation
      tNG_insert.prepareSQL
      tNG_insert.executeTransaction - execute sql*
      ERROR.Trigger_Default_Insert_RollBack
  tNG_insert.getRecordset
  tNG_insert.getFakeRsArr
  tNG_insert.getLocalRecordset
  tNG_insert.getFakeRecordset
  tNG_insert.getFakeRecordset
=== END MESSAGE ===
=== BEGIN MESSAGE ===
Client IP:
  ::1

Host:
  localhost

Requested URI:
  http://localhost/bet2/admin1/plugins/users/users_message.php?id=!!!!AQtoL89V$$SliwIkmHkLNum

Date:
  2018-05-29 12:26:57

Error:
  SQL error: Field 'date' doesn't have a default value.

Developer Details:
  SQL error: INSERT INTO message (title, sender, text, user_id) values ('سلام', 'ADMIN', '&lt;p&gt;بلبیلب&lt;/p&gt;
', 3857). (SQL_ERROR)

tNG Execution Trace:
  tNG_insert.executeTransaction
    STARTER.Trigger_Default_Starter
    tNG_insert.doTransaction
      BEFORE.Trigger_Default_FormValidation
      tNG_insert.prepareSQL
      tNG_insert.executeTransaction - execute sql*
      ERROR.Trigger_Default_Insert_RollBack
  tNG_insert.getRecordset
  tNG_insert.getFakeRsArr
  tNG_insert.getLocalRecordset
  tNG_insert.getFakeRecordset
  tNG_insert.getFakeRecordset
=== END MESSAGE ===
=== BEGIN MESSAGE ===
Client IP:
  ::1

Host:
  localhost

Requested URI:
  http://localhost/bet2/admin1/plugins/users/users_message.php?id=!!!!AQtoL89V$$SliwIkmHkLNum

Date:
  2018-05-29 12:28:03

Error:
  SQL error: Field 'ip' doesn't have a default value.

Developer Details:
  SQL error: INSERT INTO message (title, sender, date, text, user_id) values ('سلام', 'ADMIN', '2018-05-29 12:28:03', '&lt;p&gt;بلبیلب&lt;/p&gt;
', 3857). (SQL_ERROR)

tNG Execution Trace:
  tNG_insert.executeTransaction
    STARTER.Trigger_Default_Starter
    tNG_insert.doTransaction
      BEFORE.Trigger_Default_FormValidation
      tNG_insert.prepareSQL
      tNG_insert.executeTransaction - execute sql*
      ERROR.Trigger_Default_Insert_RollBack
  tNG_insert.getRecordset
  tNG_insert.getFakeRsArr
  tNG_insert.getLocalRecordset
  tNG_insert.getFakeRecordset
  tNG_insert.getFakeRecordset
=== END MESSAGE ===
=== BEGIN MESSAGE ===
Client IP:
  ::1

Host:
  localhost

Requested URI:
  http://localhost/bet2/admin1/plugins/users/users_message.php?id=!!!!AQtoL89V$$SliwIkmHkLNum

Date:
  2018-05-29 12:29:01

Error:
  SQL error: Field 'status' doesn't have a default value.

Developer Details:
  SQL error: INSERT INTO message (title, sender, date, text, user_id) values ('سلام', 'ADMIN', '2018-05-29 12:29:01', '&lt;p&gt;بلبیلب&lt;/p&gt;
', 3857). (SQL_ERROR)

tNG Execution Trace:
  tNG_insert.executeTransaction
    STARTER.Trigger_Default_Starter
    tNG_insert.doTransaction
      BEFORE.Trigger_Default_FormValidation
      tNG_insert.prepareSQL
      tNG_insert.executeTransaction - execute sql*
      ERROR.Trigger_Default_Insert_RollBack
  tNG_insert.getRecordset
  tNG_insert.getFakeRsArr
  tNG_insert.getLocalRecordset
  tNG_insert.getFakeRecordset
  tNG_insert.getFakeRecordset
=== END MESSAGE ===
