=== BEGIN MESSAGE ===
Client IP:
  127.0.0.1

Host:
  localhost

Requested URI:
  http://localhost/persiandehyar/admin/user_add.php

Date:
  2014-04-28 08:09:11

Error:
  SQL error: Duplicate entry '11' for key 2.

Developer Details:
  SQL error: INSERT INTO `admin` (name, weblogcode, user, pass) values ('hosein', 1, '11', '11'). (SQL_ERROR)

tNG Execution Trace:
  tNG_insert.executeTransaction
    STARTER.Trigger_Default_Starter
    tNG_insert.doTransaction
      BEFORE.Trigger_Default_FormValidation
      tNG_insert.prepareSQL
      tNG_insert.executeTransaction - execute sql*
      ERROR.Trigger_Default_Insert_RollBack
  tNG_insert.getRecordset
  tNG_insert.getFakeRsArr
  tNG_insert.getLocalRecordset
  tNG_insert.getFakeRecordset
  tNG_insert.getFakeRecordset
=== END MESSAGE ===
