=== BEGIN MESSAGE ===
Client IP:
  127.0.0.1

Host:
  localhost

Requested URI:
  http://localhost/iranzamin/admin/hedimage_add.php

Date:
  2015-02-24 11:23:27

Error:
  SQL error: Column 'tozihat' cannot be null.

Developer Details:
  SQL error: INSERT INTO headimage (image, image2, title, tozihat, link, type, active, weblogcode) values ('', '', 'محصولات', null, 'products.php', '1', '1', '0'). (SQL_ERROR)

tNG Execution Trace:
  tNG_insert.executeTransaction
    STARTER.Trigger_Default_Starter
    tNG_insert.doTransaction
      BEFORE.Trigger_Default_FormValidation
      tNG_insert.prepareSQL
      tNG_insert.executeTransaction - execute sql*
      ERROR.Trigger_Default_Insert_RollBack
  tNG_insert.getRecordset
  tNG_insert.getFakeRsArr
  tNG_insert.getLocalRecordset
  tNG_insert.getFakeRecordset
  tNG_insert.getFakeRecordset
=== END MESSAGE ===
