=== BEGIN MESSAGE ===
Client IP:
  127.0.0.1

Host:
  localhost

Requested URI:
  http://localhost/mdeac/admin/hedimage_add.php

Date:
  2016-10-28 07:18:52

Error:
  SQL error: Column 'ypos' cannot be null.

Developer Details:
  SQL error: INSERT INTO headimage (image, image2, title, tozihat, ypos, xpos, link, type, active, weblogcode) values ('', '', 'تست بخش', 'تست من بخش', null, null, null, '2', '1', '0'). (SQL_ERROR)

tNG Execution Trace:
  tNG_insert.executeTransaction
    STARTER.Trigger_Default_Starter
    tNG_insert.doTransaction
      BEFORE.Trigger_Default_FormValidation
      tNG_insert.prepareSQL
      tNG_insert.executeTransaction - execute sql*
      ERROR.Trigger_Default_Insert_RollBack
  tNG_insert.getRecordset
  tNG_insert.getFakeRsArr
  tNG_insert.getLocalRecordset
  tNG_insert.getFakeRecordset
  tNG_insert.getFakeRecordset
=== END MESSAGE ===
=== BEGIN MESSAGE ===
Client IP:
  127.0.0.1

Host:
  localhost

Requested URI:
  http://localhost/mdeac/admin/hedimage_add.php

Date:
  2016-10-28 07:19:24

Error:
  SQL error: Column 'xpos' cannot be null.

Developer Details:
  SQL error: INSERT INTO headimage (image, image2, title, tozihat, ypos, xpos, link, type, active, weblogcode) values ('', '', 'تست بخش', 'تست من بخش', 0, null, null, '2', '1', '0'). (SQL_ERROR)

tNG Execution Trace:
  tNG_insert.executeTransaction
    STARTER.Trigger_Default_Starter
    tNG_insert.doTransaction
      BEFORE.Trigger_Default_FormValidation
      tNG_insert.prepareSQL
      tNG_insert.executeTransaction - execute sql*
      ERROR.Trigger_Default_Insert_RollBack
  tNG_insert.getRecordset
  tNG_insert.getFakeRsArr
  tNG_insert.getLocalRecordset
  tNG_insert.getFakeRecordset
  tNG_insert.getFakeRecordset
=== END MESSAGE ===
